#
# A fatal error has been detected by the Java Runtime Environment:
#
#  SIGSEGV (0xb) at pc=0x00007f9d84040417, pid=7455, tid=7456
#
# JRE version: OpenJDK Runtime Environment Temurin-17.0.17+10 (17.0.17+10) (build 17.0.17+10)
# Java VM: OpenJDK 64-Bit Server VM Temurin-17.0.17+10 (17.0.17+10, mixed mode, sharing, tiered, compressed oops, compressed class ptrs, g1 gc, linux-amd64)
# Problematic frame:
# C  [libjssl.so+0x9417]  next_rand_with_params+0x47
#
# Core dump will be written. Default location: Core dumps may be processed with "/usr/lib/systemd/systemd-coredump %P %u %g %s %t 9223372036854775808 %h %d" (or dumping to /home/runner/work/openssl-fips-java/openssl-fips-java/core.7455)
#
# If you would like to submit a bug report, please visit:
#   https://github.com/adoptium/adoptium-support/issues
# The crash happened outside the Java Virtual Machine in native code.
# See problematic frame for where to report the bug.
#

---------------  S U M M A R Y ------------

Command Line: -javaagent:/home/runner/.m2/repository/org/jacoco/org.jacoco.agent/0.8.13/org.jacoco.agent-0.8.13-runtime.jar=destfile=/home/runner/work/openssl-fips-java/openssl-fips-java/target/jacoco.exec /home/runner/work/openssl-fips-java/openssl-fips-java/target/surefire/surefirebooter-20251127135504698_3.jar /home/runner/work/openssl-fips-java/openssl-fips-java/target/surefire 2025-11-27T13-55-04_275-jvmRun1 surefire-20251127135504698_1tmp surefire_0-20251127135504698_2tmp

Host: AMD EPYC 7763 64-Core Processor, 4 cores, 15G, Ubuntu 24.04.3 LTS
Time: Thu Nov 27 13:55:10 2025 UTC elapsed time: 5.851225 seconds (0d 0h 0m 5s)

---------------  T H R E A D  ---------------

Current thread (0x00007f9d8002b800):  JavaThread "main" [_thread_in_native, id=7456, stack(0x00007f9d86100000,0x00007f9d86200000)]

Stack: [0x00007f9d86100000,0x00007f9d86200000],  sp=0x00007f9d861fd2b0,  free space=1012k
Native frames: (J=compiled Java code, j=interpreted, Vv=VM code, C=native code)
C  [libjssl.so+0x9417]  next_rand_with_params+0x47
C  [libjssl.so+0x711f]  Java_com_canonical_openssl_drbg_OpenSSLDrbg_nextBytes0+0x1d7
j  com.canonical.openssl.drbg.OpenSSLDrbg.nextBytes0([BIZ[B)V+0
j  com.canonical.openssl.drbg.OpenSSLDrbg.engineNextBytes([BLjava/security/SecureRandomParameters;)V+123
j  java.security.SecureRandom.nextBytes([BLjava/security/SecureRandomParameters;)V+55 java.base@17.0.17
j  SecureRandomTest.testDRBGCreationNextBytesWithParams()V+83
v  ~StubRoutines::call_stub
V  [libjvm.so+0x82be35]  JavaCalls::call_helper(JavaValue*, methodHandle const&, JavaCallArguments*, JavaThread*)+0x315
V  [libjvm.so+0xcb6921]  invoke(InstanceKlass*, methodHandle const&, Handle, bool, objArrayHandle, BasicType, objArrayHandle, bool, JavaThread*) [clone .constprop.0]+0x521
V  [libjvm.so+0xcb78b7]  Reflection::invoke_method(oopDesc*, Handle, objArrayHandle, JavaThread*)+0x157
V  [libjvm.so+0x9034a7]  JVM_InvokeMethod+0x147
j  jdk.internal.reflect.NativeMethodAccessorImpl.invoke0(Ljava/lang/reflect/Method;Ljava/lang/Object;[Ljava/lang/Object;)Ljava/lang/Object;+0 java.base@17.0.17
j  jdk.internal.reflect.NativeMethodAccessorImpl.invoke(Ljava/lang/Object;[Ljava/lang/Object;)Ljava/lang/Object;+133 java.base@17.0.17
j  jdk.internal.reflect.DelegatingMethodAccessorImpl.invoke(Ljava/lang/Object;[Ljava/lang/Object;)Ljava/lang/Object;+6 java.base@17.0.17
j  java.lang.reflect.Method.invoke(Ljava/lang/Object;[Ljava/lang/Object;)Ljava/lang/Object;+59 java.base@17.0.17
j  org.junit.runners.model.FrameworkMethod$1.runReflectiveCall()Ljava/lang/Object;+19
j  org.junit.internal.runners.model.ReflectiveCallable.run()Ljava/lang/Object;+5
j  org.junit.runners.model.FrameworkMethod.invokeExplosively(Ljava/lang/Object;[Ljava/lang/Object;)Ljava/lang/Object;+15
j  org.junit.internal.runners.statements.InvokeMethod.evaluate()V+16
j  org.junit.runners.ParentRunner$3.evaluate()V+8
j  org.junit.runners.BlockJUnit4ClassRunner$1.evaluate()V+15
j  org.junit.runners.ParentRunner.runLeaf(Lorg/junit/runners/model/Statement;Lorg/junit/runner/Description;Lorg/junit/runner/notification/RunNotifier;)V+34
j  org.junit.runners.BlockJUnit4ClassRunner.runChild(Lorg/junit/runners/model/FrameworkMethod;Lorg/junit/runner/notification/RunNotifier;)V+68
j  org.junit.runners.BlockJUnit4ClassRunner.runChild(Ljava/lang/Object;Lorg/junit/runner/notification/RunNotifier;)V+11
j  org.junit.runners.ParentRunner$4.run()V+16
j  org.junit.runners.ParentRunner$1.schedule(Ljava/lang/Runnable;)V+5
j  org.junit.runners.ParentRunner.runChildren(Lorg/junit/runner/notification/RunNotifier;)V+68
j  org.junit.runners.ParentRunner.access$100(Lorg/junit/runners/ParentRunner;Lorg/junit/runner/notification/RunNotifier;)V+6
j  org.junit.runners.ParentRunner$2.evaluate()V+12
j  org.junit.internal.runners.statements.RunBefores.evaluate()V+59
j  org.junit.runners.ParentRunner$3.evaluate()V+8
j  org.junit.runners.ParentRunner.run(Lorg/junit/runner/notification/RunNotifier;)V+47
j  org.apache.maven.surefire.junit4.JUnit4Provider.execute(Ljava/lang/Class;Lorg/apache/maven/surefire/common/junit4/Notifier;Lorg/junit/runner/manipulation/Filter;)V+148
j  org.apache.maven.surefire.junit4.JUnit4Provider.executeWithRerun(Ljava/lang/Class;Lorg/apache/maven/surefire/common/junit4/Notifier;Lorg/apache/maven/surefire/report/RunModeSetter;)V+133
j  org.apache.maven.surefire.junit4.JUnit4Provider.executeTestSet(Ljava/lang/Class;Lorg/apache/maven/surefire/api/report/RunListener;Lorg/apache/maven/surefire/common/junit4/Notifier;Lorg/apache/maven/surefire/report/RunModeSetter;)V+76
j  org.apache.maven.surefire.junit4.JUnit4Provider.invoke(Ljava/lang/Object;)Lorg/apache/maven/surefire/api/suite/RunResult;+365
j  org.apache.maven.surefire.booter.ForkedBooter.runSuitesInProcess()V+12
j  org.apache.maven.surefire.booter.ForkedBooter.execute()V+5
j  org.apache.maven.surefire.booter.ForkedBooter.run(Lorg/apache/maven/surefire/booter/ForkedBooter;[Ljava/lang/String;)V+49
j  org.apache.maven.surefire.booter.ForkedBooter.main([Ljava/lang/String;)V+20
v  ~StubRoutines::call_stub
V  [libjvm.so+0x82be35]  JavaCalls::call_helper(JavaValue*, methodHandle const&, JavaCallArguments*, JavaThread*)+0x315
V  [libjvm.so+0x8c333b]  jni_invoke_static(JNIEnv_*, JavaValue*, _jobject*, JNICallType, _jmethodID*, JNI_ArgumentPusher*, JavaThread*) [clone .constprop.1]+0x38b
V  [libjvm.so+0x8c5d85]  jni_CallStaticVoidMethod+0x175
C  [libjli.so+0xa8de]  JavaMain+0xcfe
C  [libjli.so+0xdf99]  ThreadJavaMain+0x9
C  [libc.so.6+0x9caa4]

Java frames: (J=compiled Java code, j=interpreted, Vv=VM code)
j  com.canonical.openssl.drbg.OpenSSLDrbg.nextBytes0([BIZ[B)V+0
j  com.canonical.openssl.drbg.OpenSSLDrbg.engineNextBytes([BLjava/security/SecureRandomParameters;)V+123
j  java.security.SecureRandom.nextBytes([BLjava/security/SecureRandomParameters;)V+55 java.base@17.0.17
j  SecureRandomTest.testDRBGCreationNextBytesWithParams()V+83
v  ~StubRoutines::call_stub
j  jdk.internal.reflect.NativeMethodAccessorImpl.invoke0(Ljava/lang/reflect/Method;Ljava/lang/Object;[Ljava/lang/Object;)Ljava/lang/Object;+0 java.base@17.0.17
j  jdk.internal.reflect.NativeMethodAccessorImpl.invoke(Ljava/lang/Object;[Ljava/lang/Object;)Ljava/lang/Object;+133 java.base@17.0.17
j  jdk.internal.reflect.DelegatingMethodAccessorImpl.invoke(Ljava/lang/Object;[Ljava/lang/Object;)Ljava/lang/Object;+6 java.base@17.0.17
j  java.lang.reflect.Method.invoke(Ljava/lang/Object;[Ljava/lang/Object;)Ljava/lang/Object;+59 java.base@17.0.17
j  org.junit.runners.model.FrameworkMethod$1.runReflectiveCall()Ljava/lang/Object;+19
j  org.junit.internal.runners.model.ReflectiveCallable.run()Ljava/lang/Object;+5
j  org.junit.runners.model.FrameworkMethod.invokeExplosively(Ljava/lang/Object;[Ljava/lang/Object;)Ljava/lang/Object;+15
j  org.junit.internal.runners.statements.InvokeMethod.evaluate()V+16
j  org.junit.runners.ParentRunner$3.evaluate()V+8
j  org.junit.runners.BlockJUnit4ClassRunner$1.evaluate()V+15
j  org.junit.runners.ParentRunner.runLeaf(Lorg/junit/runners/model/Statement;Lorg/junit/runner/Description;Lorg/junit/runner/notification/RunNotifier;)V+34
j  org.junit.runners.BlockJUnit4ClassRunner.runChild(Lorg/junit/runners/model/FrameworkMethod;Lorg/junit/runner/notification/RunNotifier;)V+68
j  org.junit.runners.BlockJUnit4ClassRunner.runChild(Ljava/lang/Object;Lorg/junit/runner/notification/RunNotifier;)V+11
j  org.junit.runners.ParentRunner$4.run()V+16
j  org.junit.runners.ParentRunner$1.schedule(Ljava/lang/Runnable;)V+5
j  org.junit.runners.ParentRunner.runChildren(Lorg/junit/runner/notification/RunNotifier;)V+68
j  org.junit.runners.ParentRunner.access$100(Lorg/junit/runners/ParentRunner;Lorg/junit/runner/notification/RunNotifier;)V+6
j  org.junit.runners.ParentRunner$2.evaluate()V+12
j  org.junit.internal.runners.statements.RunBefores.evaluate()V+59
j  org.junit.runners.ParentRunner$3.evaluate()V+8
j  org.junit.runners.ParentRunner.run(Lorg/junit/runner/notification/RunNotifier;)V+47
j  org.apache.maven.surefire.junit4.JUnit4Provider.execute(Ljava/lang/Class;Lorg/apache/maven/surefire/common/junit4/Notifier;Lorg/junit/runner/manipulation/Filter;)V+148
j  org.apache.maven.surefire.junit4.JUnit4Provider.executeWithRerun(Ljava/lang/Class;Lorg/apache/maven/surefire/common/junit4/Notifier;Lorg/apache/maven/surefire/report/RunModeSetter;)V+133
j  org.apache.maven.surefire.junit4.JUnit4Provider.executeTestSet(Ljava/lang/Class;Lorg/apache/maven/surefire/api/report/RunListener;Lorg/apache/maven/surefire/common/junit4/Notifier;Lorg/apache/maven/surefire/report/RunModeSetter;)V+76
j  org.apache.maven.surefire.junit4.JUnit4Provider.invoke(Ljava/lang/Object;)Lorg/apache/maven/surefire/api/suite/RunResult;+365
j  org.apache.maven.surefire.booter.ForkedBooter.runSuitesInProcess()V+12
j  org.apache.maven.surefire.booter.ForkedBooter.execute()V+5
j  org.apache.maven.surefire.booter.ForkedBooter.run(Lorg/apache/maven/surefire/booter/ForkedBooter;[Ljava/lang/String;)V+49
j  org.apache.maven.surefire.booter.ForkedBooter.main([Ljava/lang/String;)V+20
v  ~StubRoutines::call_stub

siginfo: si_signo: 11 (SIGSEGV), si_code: 1 (SEGV_MAPERR), si_addr: 0x0000000000000008

Registers:
RAX=0x0000000000000000, RBX=0x00007f9cff6818c8, RCX=0x0000000000000006, RDX=0x0000000000000008
RSP=0x00007f9d861fd2b0, RBP=0x00007f9d861fd2d0, RSI=0x00007f9d80695d70, RDI=0x0000000000000000
R8 =0x00007f9d8067f590, R9 =0x0000000000000000, R10=0x0000000000000100, R11=0x00007f9d840403d0
R12=0x0000000000000000, R13=0x00007f9cff6818c8, R14=0x00007f9d861fd410, R15=0x00007f9d8002b800
RIP=0x00007f9d84040417, EFLAGS=0x0000000000010202, CSGSFS=0x002b000000000033, ERR=0x0000000000000004
  TRAPNO=0x000000000000000e

XMM[0]=0x00007f9d80000090 0x00007f9d80000090
XMM[1]=0x0000000000000000 0x00007f9d8002b800
XMM[2]=0x0000000000ffffff 0xffffffffffffffff
XMM[3]=0x000000e07e8149c9 0x3345e0468d49e846
XMM[4]=0x0000000000000000 0x00007f9d80000090
XMM[5]=0x0000000000000000 0xffffffffffffffff
XMM[6]=0x0000000000000000 0x00000000ffffffe0
XMM[7]=0x296f732e73706966 0x2f73656c75646f6d
XMM[8]=0x59533600b82f0014 0x03592e00bd062c00
XMM[9]=0x0000000000000000 0x0000000000000075
XMM[10]=0x0000000000000000 0x0c63340ea3599fed
XMM[11]=0x0000000000000000 0x0000000000000000
XMM[12]=0x0000000000000000 0x0000000000000000
XMM[13]=0x0000000000000000 0x0000000000000000
XMM[14]=0x0000000000000000 0x0000000000000000
XMM[15]=0x0000000000000000 0x0000000000000000
  MXCSR=0x00001fa0


Register to memory mapping:

RAX=0x0 is NULL
RBX={method} {0x00007f9cff6818c8} 'nextBytes0' '([BIZ[B)V' in 'com/canonical/openssl/drbg/OpenSSLDrbg'
RCX=0x0000000000000006 is an unknown value
RDX=0x0000000000000008 is an unknown value
RSP=0x00007f9d861fd2b0 is pointing into the stack for thread: 0x00007f9d8002b800
RBP=0x00007f9d861fd2d0 is pointing into the stack for thread: 0x00007f9d8002b800
RSI=0x00007f9d80695d70 points into unknown readable memory: 0x00007f9a79e33215 | 15 32 e3 79 9a 7f 00 00
RDI=0x0 is NULL
R8 =0x00007f9d8067f590 points into unknown readable memory: 0x0000363534333231 | 31 32 33 34 35 36 00 00
R9 =0x0 is NULL
R10=0x0000000000000100 is an unknown value
R11=0x00007f9d840403d0: next_rand_with_params+0x0000000000000000 in /home/runner/work/openssl-fips-java/openssl-fips-java/build/bin/libjssl.so at 0x00007f9d84037000
R12=0x0 is NULL
R13={method} {0x00007f9cff6818c8} 'nextBytes0' '([BIZ[B)V' in 'com/canonical/openssl/drbg/OpenSSLDrbg'
R14=0x00007f9d861fd410 is pointing into the stack for thread: 0x00007f9d8002b800
R15=0x00007f9d8002b800 is a thread


Top of Stack: (sp=0x00007f9d861fd2b0)
0x00007f9d861fd2b0:   00007f9d8067f550 000000088067f550
0x00007f9d861fd2c0:   00007f9d80695d70 0000000000000000
0x00007f9d861fd2d0:   00007f9d861fd350 00007f9d8403e11f
0x00007f9d861fd2e0:   00007f9d8002b800 00007f9d861fd3f0
0x00007f9d861fd2f0:   00000100861fd400 00007f9d861fd408
0x00007f9d861fd300:   00007f9d861fd410 00007f9d8002bab0
0x00007f9d861fd310:   0000000800000006 00007f9d8067f590
0x00007f9d861fd320:   00007f9d8017ab70 0000000000000042
0x00007f9d861fd330:   0000000000000000 00007f9d80695d70
0x00007f9d861fd340:   00007f9d803b3480 00007f9d8067f550
0x00007f9d861fd350:   00007f9d861fd3d0 00007f9d707445da
0x00007f9d861fd360:   0000000000000000 00007f9cff6818c8
0x00007f9d861fd370:   00007f9d861fd3d0 00007f9d7074435e
0x00007f9d861fd380:   00007f9d70744316 00007f9d861fd388
0x00007f9d861fd390:   00007f9cff6818c8 00007f9d861fd410
0x00007f9d861fd3a0:   00007f9cff688000 0000000000000000
0x00007f9d861fd3b0:   0000000714ba8e48 00007f9cff6818c8
0x00007f9d861fd3c0:   0000000000000000 00007f9d861fd3f0
0x00007f9d861fd3d0:   00007f9d861fd470 00007f9d70740260
0x00007f9d861fd3e0:   0000000000000000 00007f9d70741ff8
0x00007f9d861fd3f0:   0000000714bbd510 0000000000000000
0x00007f9d861fd400:   0000000000000100 0000000714bbd3d8
0x00007f9d861fd410:   0000000714ba97d8 0000000000000001
0x00007f9d861fd420:   0000000714ba9b78 00007f9d861fd418
0x00007f9d861fd430:   00007f9cff68388b 00007f9d861fd4b8
0x00007f9d861fd440:   00007f9cff688000 0000000000000000
0x00007f9d861fd450:   0000000714ba8e48 00007f9cff683908
0x00007f9d861fd460:   00007f9d861fd3f0 00007f9d861fd4a8
0x00007f9d861fd470:   00007f9d861fd518 00007f9d70740260
0x00007f9d861fd480:   0000000000000000 0000000714b6faa8
0x00007f9d861fd490:   0000000714ba9b78 0000000714ba9740
0x00007f9d861fd4a0:   0000000000000000 0000000714b6faa8 

Instructions: (pc=0x00007f9d84040417)
0x00007f9d84040317:   83 7d f8 00 75 07 b8 00 00 00 00 eb 5c 48 8b 45
0x00007f9d84040327:   f8 48 8b 40 10 48 89 c7 e8 6c cd ff ff 48 8b 45
0x00007f9d84040337:   f8 48 8b 40 18 48 89 c7 e8 c2 ff ff ff 48 8b 45
0x00007f9d84040347:   f8 48 8b 00 48 85 c0 74 0f 48 8b 45 f8 48 8b 00
0x00007f9d84040357:   48 89 c7 e8 51 cb ff ff 48 8b 45 f8 48 8b 40 08
0x00007f9d84040367:   48 89 c7 e8 61 d1 ff ff 48 8b 45 f8 48 89 c7 e8
0x00007f9d84040377:   35 cb ff ff b8 01 00 00 00 c9 c3 f3 0f 1e fa 55
0x00007f9d84040387:   48 89 e5 48 83 ec 20 48 89 7d f8 48 89 75 f0 89
0x00007f9d84040397:   55 ec 8b 45 ec 48 63 d0 48 8b 45 f8 48 8b 40 08
0x00007f9d840403a7:   48 8b 75 f0 48 83 ec 08 6a 00 41 b9 00 00 00 00
0x00007f9d840403b7:   41 b8 00 00 00 00 b9 80 00 00 00 48 89 c7 e8 66
0x00007f9d840403c7:   c8 ff ff 48 83 c4 10 c9 c3 f3 0f 1e fa 55 48 89
0x00007f9d840403d7:   e5 48 83 ec 20 48 89 7d f8 48 89 75 f0 89 55 ec
0x00007f9d840403e7:   48 89 4d e0 48 8b 45 e0 8b 40 18 48 63 c8 48 8b
0x00007f9d840403f7:   45 e0 4c 8b 40 10 48 8b 45 e0 8b 38 48 8b 45 e0
0x00007f9d84040407:   8b 40 08 41 89 c2 8b 45 ec 48 63 d0 48 8b 45 f8
0x00007f9d84040417:   48 8b 40 08 48 8b 75 f0 48 83 ec 08 51 4d 89 c1
0x00007f9d84040427:   41 89 f8 44 89 d1 48 89 c7 e8 fb c7 ff ff 48 83
0x00007f9d84040437:   c4 10 c9 c3 f3 0f 1e fa 55 48 89 e5 48 83 ec 40
0x00007f9d84040447:   48 89 7d c8 89 75 c4 64 48 8b 04 25 28 00 00 00
0x00007f9d84040457:   48 89 45 f8 31 c0 83 7d c4 00 7e 06 83 7d c4 20
0x00007f9d84040467:   7e 0a b8 00 00 00 00 e9 b6 00 00 00 8b 45 c4 8d
0x00007f9d84040477:   50 07 85 c0 0f 48 c2 c1 f8 03 89 c2 8b 45 c4 83
0x00007f9d84040487:   e0 07 85 c0 0f 95 c0 0f b6 c0 01 d0 89 45 dc 8b
0x00007f9d84040497:   45 c4 83 e8 01 83 e0 07 ba fe ff ff ff 89 c1 d3
0x00007f9d840404a7:   e2 89 d0 f7 d0 89 45 e0 c7 45 f4 00 00 00 00 8b
0x00007f9d840404b7:   55 dc 48 8d 4d f4 48 8b 45 c8 48 89 ce 48 89 c7
0x00007f9d840404c7:   e8 44 c9 ff ff 8b 45 dc 83 e8 01 48 98 0f b6 44
0x00007f9d840404d7:   05 f4 89 c2 8b 45 e0 21 c2 8b 45 dc 83 e8 01 48
0x00007f9d840404e7:   98 88 54 05 f4 0f b6 45 f7 0f b6 c0 c1 e0 18 89
0x00007f9d840404f7:   45 e4 0f b6 45 f6 0f b6 c0 c1 e0 10 89 45 e8 0f
0x00007f9d84040507:   b6 45 f5 0f b6 c0 c1 e0 08 89 45 ec 0f b6 45 f4 


Stack slot to memory mapping:
stack at sp + 0 slots: 0x00007f9d8067f550 points into unknown readable memory: 0x0000000000000000 | 00 00 00 00 00 00 00 00
stack at sp + 1 slots: 0x000000088067f550 is an unknown value
stack at sp + 2 slots: 0x00007f9d80695d70 points into unknown readable memory: 0x00007f9a79e33215 | 15 32 e3 79 9a 7f 00 00
stack at sp + 3 slots: 0x0 is NULL
stack at sp + 4 slots: 0x00007f9d861fd350 is pointing into the stack for thread: 0x00007f9d8002b800
stack at sp + 5 slots: 0x00007f9d8403e11f: Java_com_canonical_openssl_drbg_OpenSSLDrbg_nextBytes0+0x00000000000001d7 in /home/runner/work/openssl-fips-java/openssl-fips-java/build/bin/libjssl.so at 0x00007f9d84037000
stack at sp + 6 slots: 0x00007f9d8002b800 is a thread
stack at sp + 7 slots: 0x00007f9d861fd3f0 is pointing into the stack for thread: 0x00007f9d8002b800


---------------  P R O C E S S  ---------------

Threads class SMR info:
_java_thread_list=0x00007f9ce4035260, length=15, elements={
0x00007f9d8002b800, 0x00007f9d8017cf90, 0x00007f9d8017e370, 0x00007f9d80186520,
0x00007f9d801878d0, 0x00007f9d80188ce0, 0x00007f9d8018a690, 0x00007f9d8018bbc0,
0x00007f9d80195020, 0x00007f9d801a8750, 0x00007f9d8033e170, 0x00007f9d803ee240,
0x00007f9d804207a0, 0x00007f9d80695f30, 0x00007f9ce4034890
}

Java Threads: ( => current thread )
=>0x00007f9d8002b800 JavaThread "main" [_thread_in_native, id=7456, stack(0x00007f9d86100000,0x00007f9d86200000)]
  0x00007f9d8017cf90 JavaThread "Reference Handler" daemon [_thread_blocked, id=7466, stack(0x00007f9d60d29000,0x00007f9d60e29000)]
  0x00007f9d8017e370 JavaThread "Finalizer" daemon [_thread_blocked, id=7467, stack(0x00007f9d60c28000,0x00007f9d60d28000)]
  0x00007f9d80186520 JavaThread "Signal Dispatcher" daemon [_thread_blocked, id=7468, stack(0x00007f9d60b27000,0x00007f9d60c27000)]
  0x00007f9d801878d0 JavaThread "Service Thread" daemon [_thread_blocked, id=7469, stack(0x00007f9d60700000,0x00007f9d60800000)]
  0x00007f9d80188ce0 JavaThread "Monitor Deflation Thread" daemon [_thread_blocked, id=7470, stack(0x00007f9d605ff000,0x00007f9d606ff000)]
  0x00007f9d8018a690 JavaThread "C2 CompilerThread0" daemon [_thread_blocked, id=7471, stack(0x00007f9d604fe000,0x00007f9d605fe000)]
  0x00007f9d8018bbc0 JavaThread "C1 CompilerThread0" daemon [_thread_blocked, id=7472, stack(0x00007f9d603fd000,0x00007f9d604fd000)]
  0x00007f9d80195020 JavaThread "Sweeper thread" daemon [_thread_blocked, id=7473, stack(0x00007f9d602fc000,0x00007f9d603fc000)]
  0x00007f9d801a8750 JavaThread "Common-Cleaner" daemon [_thread_blocked, id=7474, stack(0x00007f9d601fb000,0x00007f9d602fb000)]
  0x00007f9d8033e170 JavaThread "Notification Thread" daemon [_thread_blocked, id=7475, stack(0x00007f9d600fa000,0x00007f9d601fa000)]
  0x00007f9d803ee240 JavaThread "surefire-forkedjvm-stream-flusher" daemon [_thread_blocked, id=7482, stack(0x00007f9d519fb000,0x00007f9d51afb000)]
  0x00007f9d804207a0 JavaThread "surefire-forkedjvm-command-thread" daemon [_thread_in_native, id=7483, stack(0x00007f9d515bc000,0x00007f9d516bc000)]
  0x00007f9d80695f30 JavaThread "Cleaner-0" daemon [_thread_blocked, id=7484, stack(0x00007f9d51afc000,0x00007f9d51bfc000)]
  0x00007f9ce4034890 JavaThread "C2 CompilerThread1" daemon [_thread_blocked, id=7488, stack(0x00007f9d518fa000,0x00007f9d519fa000)]

Other Threads:
  0x00007f9d80178e90 VMThread "VM Thread" [stack: 0x00007f9d60e2a000,0x00007f9d60f2a000] [id=7465]
  0x00007f9d8030ef40 WatcherThread [stack: 0x00007f9d51f00000,0x00007f9d52000000] [id=7476]
  0x00007f9d80095d10 GCTaskThread "GC Thread#0" [stack: 0x00007f9d842b6000,0x00007f9d843b6000] [id=7460]
  0x00007f9d480050f0 GCTaskThread "GC Thread#1" [stack: 0x00007f9d51dff000,0x00007f9d51eff000] [id=7478]
  0x00007f9d480056d0 GCTaskThread "GC Thread#2" [stack: 0x00007f9d51cfe000,0x00007f9d51dfe000] [id=7479]
  0x00007f9d48005f50 GCTaskThread "GC Thread#3" [stack: 0x00007f9d51bfd000,0x00007f9d51cfd000] [id=7480]
  0x00007f9d800a6d00 ConcurrentGCThread "G1 Main Marker" [stack: 0x00007f9d841b5000,0x00007f9d842b5000] [id=7461]
  0x00007f9d800a7c70 ConcurrentGCThread "G1 Conc#0" [stack: 0x00007f9d840b4000,0x00007f9d841b4000] [id=7462]
  0x00007f9d8014b610 ConcurrentGCThread "G1 Refine#0" [stack: 0x00007f9d610fd000,0x00007f9d611fd000] [id=7463]
  0x00007f9d8014c510 ConcurrentGCThread "G1 Service" [stack: 0x00007f9d60ffc000,0x00007f9d610fc000] [id=7464]

Threads with active compile tasks:

VM state: not at safepoint (normal execution)

VM Mutex/Monitor currently owned by a thread: None

Heap address: 0x0000000706000000, size: 4000 MB, Compressed Oops mode: Zero based, Oop shift amount: 3

CDS archive(s) mapped at: [0x00007f9d03000000-0x00007f9d03bca000-0x00007f9d03bca000), size 12361728, SharedBaseAddress: 0x00007f9d03000000, ArchiveRelocationMode: 1.
Compressed class space mapped at: 0x00007f9d04000000-0x00007f9d44000000, reserved size: 1073741824
Narrow klass base: 0x00007f9d03000000, Narrow klass shift: 0, Narrow klass range: 0x100000000

GC Precious Log:
 CPUs: 4 total, 4 available
 Memory: 15995M
 Large Page Support: Disabled
 NUMA Support: Disabled
 Compressed Oops: Enabled (Zero based)
 Heap Region Size: 2M
 Heap Min Capacity: 8M
 Heap Initial Capacity: 250M
 Heap Max Capacity: 4000M
 Pre-touch: Disabled
 Parallel Workers: 4
 Concurrent Workers: 1
 Concurrent Refinement Workers: 4
 Periodic GC: Disabled

Heap:
 garbage-first heap   total 260096K, used 18223K [0x0000000706000000, 0x0000000800000000)
  region size 2048K, 9 young (18432K), 1 survivors (2048K)
 Metaspace       used 5957K, committed 6080K, reserved 1114112K
  class space    used 595K, committed 640K, reserved 1048576K

Heap Regions: E=young(eden), S=young(survivor), O=old, HS=humongous(starts), HC=humongous(continues), CS=collection set, F=free, OA=open archive, CA=closed archive, TAMS=top-at-mark-start (previous, next)
|   0|0x0000000706000000, 0x0000000706000000, 0x0000000706200000|  0%| F|  |TAMS 0x0000000706000000, 0x0000000706000000| Untracked 
|   1|0x0000000706200000, 0x0000000706200000, 0x0000000706400000|  0%| F|  |TAMS 0x0000000706200000, 0x0000000706200000| Untracked 
|   2|0x0000000706400000, 0x0000000706400000, 0x0000000706600000|  0%| F|  |TAMS 0x0000000706400000, 0x0000000706400000| Untracked 
|   3|0x0000000706600000, 0x0000000706600000, 0x0000000706800000|  0%| F|  |TAMS 0x0000000706600000, 0x0000000706600000| Untracked 
|   4|0x0000000706800000, 0x0000000706800000, 0x0000000706a00000|  0%| F|  |TAMS 0x0000000706800000, 0x0000000706800000| Untracked 
|   5|0x0000000706a00000, 0x0000000706a00000, 0x0000000706c00000|  0%| F|  |TAMS 0x0000000706a00000, 0x0000000706a00000| Untracked 
|   6|0x0000000706c00000, 0x0000000706c00000, 0x0000000706e00000|  0%| F|  |TAMS 0x0000000706c00000, 0x0000000706c00000| Untracked 
|   7|0x0000000706e00000, 0x0000000706e00000, 0x0000000707000000|  0%| F|  |TAMS 0x0000000706e00000, 0x0000000706e00000| Untracked 
|   8|0x0000000707000000, 0x0000000707000000, 0x0000000707200000|  0%| F|  |TAMS 0x0000000707000000, 0x0000000707000000| Untracked 
|   9|0x0000000707200000, 0x0000000707200000, 0x0000000707400000|  0%| F|  |TAMS 0x0000000707200000, 0x0000000707200000| Untracked 
|  10|0x0000000707400000, 0x0000000707400000, 0x0000000707600000|  0%| F|  |TAMS 0x0000000707400000, 0x0000000707400000| Untracked 
|  11|0x0000000707600000, 0x0000000707600000, 0x0000000707800000|  0%| F|  |TAMS 0x0000000707600000, 0x0000000707600000| Untracked 
|  12|0x0000000707800000, 0x0000000707800000, 0x0000000707a00000|  0%| F|  |TAMS 0x0000000707800000, 0x0000000707800000| Untracked 
|  13|0x0000000707a00000, 0x0000000707a00000, 0x0000000707c00000|  0%| F|  |TAMS 0x0000000707a00000, 0x0000000707a00000| Untracked 
|  14|0x0000000707c00000, 0x0000000707c00000, 0x0000000707e00000|  0%| F|  |TAMS 0x0000000707c00000, 0x0000000707c00000| Untracked 
|  15|0x0000000707e00000, 0x0000000707e00000, 0x0000000708000000|  0%| F|  |TAMS 0x0000000707e00000, 0x0000000707e00000| Untracked 
|  16|0x0000000708000000, 0x0000000708000000, 0x0000000708200000|  0%| F|  |TAMS 0x0000000708000000, 0x0000000708000000| Untracked 
|  17|0x0000000708200000, 0x0000000708200000, 0x0000000708400000|  0%| F|  |TAMS 0x0000000708200000, 0x0000000708200000| Untracked 
|  18|0x0000000708400000, 0x0000000708400000, 0x0000000708600000|  0%| F|  |TAMS 0x0000000708400000, 0x0000000708400000| Untracked 
|  19|0x0000000708600000, 0x0000000708600000, 0x0000000708800000|  0%| F|  |TAMS 0x0000000708600000, 0x0000000708600000| Untracked 
|  20|0x0000000708800000, 0x0000000708800000, 0x0000000708a00000|  0%| F|  |TAMS 0x0000000708800000, 0x0000000708800000| Untracked 
|  21|0x0000000708a00000, 0x0000000708a00000, 0x0000000708c00000|  0%| F|  |TAMS 0x0000000708a00000, 0x0000000708a00000| Untracked 
|  22|0x0000000708c00000, 0x0000000708c00000, 0x0000000708e00000|  0%| F|  |TAMS 0x0000000708c00000, 0x0000000708c00000| Untracked 
|  23|0x0000000708e00000, 0x0000000708e00000, 0x0000000709000000|  0%| F|  |TAMS 0x0000000708e00000, 0x0000000708e00000| Untracked 
|  24|0x0000000709000000, 0x0000000709000000, 0x0000000709200000|  0%| F|  |TAMS 0x0000000709000000, 0x0000000709000000| Untracked 
|  25|0x0000000709200000, 0x0000000709200000, 0x0000000709400000|  0%| F|  |TAMS 0x0000000709200000, 0x0000000709200000| Untracked 
|  26|0x0000000709400000, 0x0000000709400000, 0x0000000709600000|  0%| F|  |TAMS 0x0000000709400000, 0x0000000709400000| Untracked 
|  27|0x0000000709600000, 0x0000000709600000, 0x0000000709800000|  0%| F|  |TAMS 0x0000000709600000, 0x0000000709600000| Untracked 
|  28|0x0000000709800000, 0x0000000709800000, 0x0000000709a00000|  0%| F|  |TAMS 0x0000000709800000, 0x0000000709800000| Untracked 
|  29|0x0000000709a00000, 0x0000000709a00000, 0x0000000709c00000|  0%| F|  |TAMS 0x0000000709a00000, 0x0000000709a00000| Untracked 
|  30|0x0000000709c00000, 0x0000000709c00000, 0x0000000709e00000|  0%| F|  |TAMS 0x0000000709c00000, 0x0000000709c00000| Untracked 
|  31|0x0000000709e00000, 0x0000000709e00000, 0x000000070a000000|  0%| F|  |TAMS 0x0000000709e00000, 0x0000000709e00000| Untracked 
|  32|0x000000070a000000, 0x000000070a000000, 0x000000070a200000|  0%| F|  |TAMS 0x000000070a000000, 0x000000070a000000| Untracked 
|  33|0x000000070a200000, 0x000000070a200000, 0x000000070a400000|  0%| F|  |TAMS 0x000000070a200000, 0x000000070a200000| Untracked 
|  34|0x000000070a400000, 0x000000070a400000, 0x000000070a600000|  0%| F|  |TAMS 0x000000070a400000, 0x000000070a400000| Untracked 
|  35|0x000000070a600000, 0x000000070a600000, 0x000000070a800000|  0%| F|  |TAMS 0x000000070a600000, 0x000000070a600000| Untracked 
|  36|0x000000070a800000, 0x000000070a800000, 0x000000070aa00000|  0%| F|  |TAMS 0x000000070a800000, 0x000000070a800000| Untracked 
|  37|0x000000070aa00000, 0x000000070aa00000, 0x000000070ac00000|  0%| F|  |TAMS 0x000000070aa00000, 0x000000070aa00000| Untracked 
|  38|0x000000070ac00000, 0x000000070ac00000, 0x000000070ae00000|  0%| F|  |TAMS 0x000000070ac00000, 0x000000070ac00000| Untracked 
|  39|0x000000070ae00000, 0x000000070ae00000, 0x000000070b000000|  0%| F|  |TAMS 0x000000070ae00000, 0x000000070ae00000| Untracked 
|  40|0x000000070b000000, 0x000000070b000000, 0x000000070b200000|  0%| F|  |TAMS 0x000000070b000000, 0x000000070b000000| Untracked 
|  41|0x000000070b200000, 0x000000070b200000, 0x000000070b400000|  0%| F|  |TAMS 0x000000070b200000, 0x000000070b200000| Untracked 
|  42|0x000000070b400000, 0x000000070b400000, 0x000000070b600000|  0%| F|  |TAMS 0x000000070b400000, 0x000000070b400000| Untracked 
|  43|0x000000070b600000, 0x000000070b600000, 0x000000070b800000|  0%| F|  |TAMS 0x000000070b600000, 0x000000070b600000| Untracked 
|  44|0x000000070b800000, 0x000000070b800000, 0x000000070ba00000|  0%| F|  |TAMS 0x000000070b800000, 0x000000070b800000| Untracked 
|  45|0x000000070ba00000, 0x000000070ba00000, 0x000000070bc00000|  0%| F|  |TAMS 0x000000070ba00000, 0x000000070ba00000| Untracked 
|  46|0x000000070bc00000, 0x000000070bc00000, 0x000000070be00000|  0%| F|  |TAMS 0x000000070bc00000, 0x000000070bc00000| Untracked 
|  47|0x000000070be00000, 0x000000070be00000, 0x000000070c000000|  0%| F|  |TAMS 0x000000070be00000, 0x000000070be00000| Untracked 
|  48|0x000000070c000000, 0x000000070c000000, 0x000000070c200000|  0%| F|  |TAMS 0x000000070c000000, 0x000000070c000000| Untracked 
|  49|0x000000070c200000, 0x000000070c200000, 0x000000070c400000|  0%| F|  |TAMS 0x000000070c200000, 0x000000070c200000| Untracked 
|  50|0x000000070c400000, 0x000000070c400000, 0x000000070c600000|  0%| F|  |TAMS 0x000000070c400000, 0x000000070c400000| Untracked 
|  51|0x000000070c600000, 0x000000070c600000, 0x000000070c800000|  0%| F|  |TAMS 0x000000070c600000, 0x000000070c600000| Untracked 
|  52|0x000000070c800000, 0x000000070c800000, 0x000000070ca00000|  0%| F|  |TAMS 0x000000070c800000, 0x000000070c800000| Untracked 
|  53|0x000000070ca00000, 0x000000070ca00000, 0x000000070cc00000|  0%| F|  |TAMS 0x000000070ca00000, 0x000000070ca00000| Untracked 
|  54|0x000000070cc00000, 0x000000070cc00000, 0x000000070ce00000|  0%| F|  |TAMS 0x000000070cc00000, 0x000000070cc00000| Untracked 
|  55|0x000000070ce00000, 0x000000070ce00000, 0x000000070d000000|  0%| F|  |TAMS 0x000000070ce00000, 0x000000070ce00000| Untracked 
|  56|0x000000070d000000, 0x000000070d000000, 0x000000070d200000|  0%| F|  |TAMS 0x000000070d000000, 0x000000070d000000| Untracked 
|  57|0x000000070d200000, 0x000000070d200000, 0x000000070d400000|  0%| F|  |TAMS 0x000000070d200000, 0x000000070d200000| Untracked 
|  58|0x000000070d400000, 0x000000070d400000, 0x000000070d600000|  0%| F|  |TAMS 0x000000070d400000, 0x000000070d400000| Untracked 
|  59|0x000000070d600000, 0x000000070d600000, 0x000000070d800000|  0%| F|  |TAMS 0x000000070d600000, 0x000000070d600000| Untracked 
|  60|0x000000070d800000, 0x000000070d800000, 0x000000070da00000|  0%| F|  |TAMS 0x000000070d800000, 0x000000070d800000| Untracked 
|  61|0x000000070da00000, 0x000000070da00000, 0x000000070dc00000|  0%| F|  |TAMS 0x000000070da00000, 0x000000070da00000| Untracked 
|  62|0x000000070dc00000, 0x000000070dc00000, 0x000000070de00000|  0%| F|  |TAMS 0x000000070dc00000, 0x000000070dc00000| Untracked 
|  63|0x000000070de00000, 0x000000070de00000, 0x000000070e000000|  0%| F|  |TAMS 0x000000070de00000, 0x000000070de00000| Untracked 
|  64|0x000000070e000000, 0x000000070e000000, 0x000000070e200000|  0%| F|  |TAMS 0x000000070e000000, 0x000000070e000000| Untracked 
|  65|0x000000070e200000, 0x000000070e200000, 0x000000070e400000|  0%| F|  |TAMS 0x000000070e200000, 0x000000070e200000| Untracked 
|  66|0x000000070e400000, 0x000000070e400000, 0x000000070e600000|  0%| F|  |TAMS 0x000000070e400000, 0x000000070e400000| Untracked 
|  67|0x000000070e600000, 0x000000070e600000, 0x000000070e800000|  0%| F|  |TAMS 0x000000070e600000, 0x000000070e600000| Untracked 
|  68|0x000000070e800000, 0x000000070e800000, 0x000000070ea00000|  0%| F|  |TAMS 0x000000070e800000, 0x000000070e800000| Untracked 
|  69|0x000000070ea00000, 0x000000070ea00000, 0x000000070ec00000|  0%| F|  |TAMS 0x000000070ea00000, 0x000000070ea00000| Untracked 
|  70|0x000000070ec00000, 0x000000070ec00000, 0x000000070ee00000|  0%| F|  |TAMS 0x000000070ec00000, 0x000000070ec00000| Untracked 
|  71|0x000000070ee00000, 0x000000070ee00000, 0x000000070f000000|  0%| F|  |TAMS 0x000000070ee00000, 0x000000070ee00000| Untracked 
|  72|0x000000070f000000, 0x000000070f000000, 0x000000070f200000|  0%| F|  |TAMS 0x000000070f000000, 0x000000070f000000| Untracked 
|  73|0x000000070f200000, 0x000000070f200000, 0x000000070f400000|  0%| F|  |TAMS 0x000000070f200000, 0x000000070f200000| Untracked 
|  74|0x000000070f400000, 0x000000070f400000, 0x000000070f600000|  0%| F|  |TAMS 0x000000070f400000, 0x000000070f400000| Untracked 
|  75|0x000000070f600000, 0x000000070f600000, 0x000000070f800000|  0%| F|  |TAMS 0x000000070f600000, 0x000000070f600000| Untracked 
|  76|0x000000070f800000, 0x000000070f800000, 0x000000070fa00000|  0%| F|  |TAMS 0x000000070f800000, 0x000000070f800000| Untracked 
|  77|0x000000070fa00000, 0x000000070fa00000, 0x000000070fc00000|  0%| F|  |TAMS 0x000000070fa00000, 0x000000070fa00000| Untracked 
|  78|0x000000070fc00000, 0x000000070fc00000, 0x000000070fe00000|  0%| F|  |TAMS 0x000000070fc00000, 0x000000070fc00000| Untracked 
|  79|0x000000070fe00000, 0x000000070fe00000, 0x0000000710000000|  0%| F|  |TAMS 0x000000070fe00000, 0x000000070fe00000| Untracked 
|  80|0x0000000710000000, 0x0000000710000000, 0x0000000710200000|  0%| F|  |TAMS 0x0000000710000000, 0x0000000710000000| Untracked 
|  81|0x0000000710200000, 0x0000000710200000, 0x0000000710400000|  0%| F|  |TAMS 0x0000000710200000, 0x0000000710200000| Untracked 
|  82|0x0000000710400000, 0x0000000710400000, 0x0000000710600000|  0%| F|  |TAMS 0x0000000710400000, 0x0000000710400000| Untracked 
|  83|0x0000000710600000, 0x0000000710600000, 0x0000000710800000|  0%| F|  |TAMS 0x0000000710600000, 0x0000000710600000| Untracked 
|  84|0x0000000710800000, 0x0000000710800000, 0x0000000710a00000|  0%| F|  |TAMS 0x0000000710800000, 0x0000000710800000| Untracked 
|  85|0x0000000710a00000, 0x0000000710a00000, 0x0000000710c00000|  0%| F|  |TAMS 0x0000000710a00000, 0x0000000710a00000| Untracked 
|  86|0x0000000710c00000, 0x0000000710c00000, 0x0000000710e00000|  0%| F|  |TAMS 0x0000000710c00000, 0x0000000710c00000| Untracked 
|  87|0x0000000710e00000, 0x0000000710e00000, 0x0000000711000000|  0%| F|  |TAMS 0x0000000710e00000, 0x0000000710e00000| Untracked 
|  88|0x0000000711000000, 0x0000000711000000, 0x0000000711200000|  0%| F|  |TAMS 0x0000000711000000, 0x0000000711000000| Untracked 
|  89|0x0000000711200000, 0x0000000711200000, 0x0000000711400000|  0%| F|  |TAMS 0x0000000711200000, 0x0000000711200000| Untracked 
|  90|0x0000000711400000, 0x0000000711400000, 0x0000000711600000|  0%| F|  |TAMS 0x0000000711400000, 0x0000000711400000| Untracked 
|  91|0x0000000711600000, 0x0000000711600000, 0x0000000711800000|  0%| F|  |TAMS 0x0000000711600000, 0x0000000711600000| Untracked 
|  92|0x0000000711800000, 0x0000000711800000, 0x0000000711a00000|  0%| F|  |TAMS 0x0000000711800000, 0x0000000711800000| Untracked 
|  93|0x0000000711a00000, 0x0000000711a00000, 0x0000000711c00000|  0%| F|  |TAMS 0x0000000711a00000, 0x0000000711a00000| Untracked 
|  94|0x0000000711c00000, 0x0000000711c00000, 0x0000000711e00000|  0%| F|  |TAMS 0x0000000711c00000, 0x0000000711c00000| Untracked 
|  95|0x0000000711e00000, 0x0000000711e00000, 0x0000000712000000|  0%| F|  |TAMS 0x0000000711e00000, 0x0000000711e00000| Untracked 
|  96|0x0000000712000000, 0x0000000712000000, 0x0000000712200000|  0%| F|  |TAMS 0x0000000712000000, 0x0000000712000000| Untracked 
|  97|0x0000000712200000, 0x0000000712200000, 0x0000000712400000|  0%| F|  |TAMS 0x0000000712200000, 0x0000000712200000| Untracked 
|  98|0x0000000712400000, 0x0000000712400000, 0x0000000712600000|  0%| F|  |TAMS 0x0000000712400000, 0x0000000712400000| Untracked 
|  99|0x0000000712600000, 0x0000000712600000, 0x0000000712800000|  0%| F|  |TAMS 0x0000000712600000, 0x0000000712600000| Untracked 
| 100|0x0000000712800000, 0x0000000712800000, 0x0000000712a00000|  0%| F|  |TAMS 0x0000000712800000, 0x0000000712800000| Untracked 
| 101|0x0000000712a00000, 0x0000000712a00000, 0x0000000712c00000|  0%| F|  |TAMS 0x0000000712a00000, 0x0000000712a00000| Untracked 
| 102|0x0000000712c00000, 0x0000000712c00000, 0x0000000712e00000|  0%| F|  |TAMS 0x0000000712c00000, 0x0000000712c00000| Untracked 
| 103|0x0000000712e00000, 0x0000000712e00000, 0x0000000713000000|  0%| F|  |TAMS 0x0000000712e00000, 0x0000000712e00000| Untracked 
| 104|0x0000000713000000, 0x0000000713000000, 0x0000000713200000|  0%| F|  |TAMS 0x0000000713000000, 0x0000000713000000| Untracked 
| 105|0x0000000713200000, 0x0000000713200000, 0x0000000713400000|  0%| F|  |TAMS 0x0000000713200000, 0x0000000713200000| Untracked 
| 106|0x0000000713400000, 0x0000000713400000, 0x0000000713600000|  0%| F|  |TAMS 0x0000000713400000, 0x0000000713400000| Untracked 
| 107|0x0000000713600000, 0x0000000713600000, 0x0000000713800000|  0%| F|  |TAMS 0x0000000713600000, 0x0000000713600000| Untracked 
| 108|0x0000000713800000, 0x0000000713800000, 0x0000000713a00000|  0%| F|  |TAMS 0x0000000713800000, 0x0000000713800000| Untracked 
| 109|0x0000000713a00000, 0x0000000713a00000, 0x0000000713c00000|  0%| F|  |TAMS 0x0000000713a00000, 0x0000000713a00000| Untracked 
| 110|0x0000000713c00000, 0x0000000713c00000, 0x0000000713e00000|  0%| F|  |TAMS 0x0000000713c00000, 0x0000000713c00000| Untracked 
| 111|0x0000000713e00000, 0x0000000713e00000, 0x0000000714000000|  0%| F|  |TAMS 0x0000000713e00000, 0x0000000713e00000| Untracked 
| 112|0x0000000714000000, 0x0000000714000000, 0x0000000714200000|  0%| F|  |TAMS 0x0000000714000000, 0x0000000714000000| Untracked 
| 113|0x0000000714200000, 0x0000000714200000, 0x0000000714400000|  0%| F|  |TAMS 0x0000000714200000, 0x0000000714200000| Untracked 
| 114|0x0000000714400000, 0x0000000714400000, 0x0000000714600000|  0%| F|  |TAMS 0x0000000714400000, 0x0000000714400000| Untracked 
| 115|0x0000000714600000, 0x00000007147ded88, 0x0000000714800000| 93%| S|CS|TAMS 0x0000000714600000, 0x0000000714600000| Complete 
| 116|0x0000000714800000, 0x0000000714800000, 0x0000000714a00000|  0%| F|  |TAMS 0x0000000714800000, 0x0000000714800000| Untracked 
| 117|0x0000000714a00000, 0x0000000714c00000, 0x0000000714c00000|100%| E|  |TAMS 0x0000000714a00000, 0x0000000714a00000| Complete 
| 118|0x0000000714c00000, 0x0000000714e00000, 0x0000000714e00000|100%| E|CS|TAMS 0x0000000714c00000, 0x0000000714c00000| Complete 
| 119|0x0000000714e00000, 0x0000000715000000, 0x0000000715000000|100%| E|CS|TAMS 0x0000000714e00000, 0x0000000714e00000| Complete 
| 120|0x0000000715000000, 0x0000000715200000, 0x0000000715200000|100%| E|CS|TAMS 0x0000000715000000, 0x0000000715000000| Complete 
| 121|0x0000000715200000, 0x0000000715400000, 0x0000000715400000|100%| E|CS|TAMS 0x0000000715200000, 0x0000000715200000| Complete 
| 122|0x0000000715400000, 0x0000000715600000, 0x0000000715600000|100%| E|CS|TAMS 0x0000000715400000, 0x0000000715400000| Complete 
| 123|0x0000000715600000, 0x0000000715800000, 0x0000000715800000|100%| E|CS|TAMS 0x0000000715600000, 0x0000000715600000| Complete 
| 124|0x0000000715800000, 0x0000000715a00000, 0x0000000715a00000|100%| E|CS|TAMS 0x0000000715800000, 0x0000000715800000| Complete 
|1998|0x00000007ffc00000, 0x00000007ffd75000, 0x00000007ffe00000| 72%|OA|  |TAMS 0x00000007ffc00000, 0x00000007ffc00000| Untracked 
|1999|0x00000007ffe00000, 0x00000007ffe78000, 0x0000000800000000| 23%|CA|  |TAMS 0x00000007ffe00000, 0x00000007ffe00000| Untracked 

Card table byte_map: [0x00007f9d84b86000,0x00007f9d85356000] _byte_map_base: 0x00007f9d81356000

Marking Bits (Prev, Next): (CMBitMap*) 0x00007f9d800967a0, (CMBitMap*) 0x00007f9d800967e0
 Prev Bits: [0x00007f9d65380000, 0x00007f9d69200000)
 Next Bits: [0x00007f9d61500000, 0x00007f9d65380000)

Polling page: 0x00007f9d879d4000

Metaspace:

Usage:
  Non-class:      5.24 MB used.
      Class:    595.05 KB used.
       Both:      5.82 MB used.

Virtual space:
  Non-class space:       64.00 MB reserved,       5.31 MB (  8%) committed,  1 nodes.
      Class space:        1.00 GB reserved,     640.00 KB ( <1%) committed,  1 nodes.
             Both:        1.06 GB reserved,       5.94 MB ( <1%) committed. 

Chunk freelists:
   Non-Class:  9.45 MB
       Class:  15.20 MB
        Both:  24.66 MB

MaxMetaspaceSize: unlimited
CompressedClassSpaceSize: 1.00 GB
Initial GC threshold: 21.00 MB
Current GC threshold: 21.00 MB
CDS: on
MetaspaceReclaimPolicy: balanced
 - commit_granule_bytes: 65536.
 - commit_granule_words: 8192.
 - virtual_space_node_default_size: 8388608.
 - enlarge_chunks_in_place: 1.
 - new_chunks_are_fully_committed: 0.
 - uncommit_free_chunks: 1.
 - use_allocation_guard: 0.
 - handle_deallocations: 1.


Internal statistics:

num_allocs_failed_limit: 0.
num_arena_births: 34.
num_arena_deaths: 0.
num_vsnodes_births: 2.
num_vsnodes_deaths: 0.
num_space_committed: 95.
num_space_uncommitted: 0.
num_chunks_returned_to_freelist: 0.
num_chunks_taken_from_freelist: 173.
num_chunk_merges: 0.
num_chunk_splits: 116.
num_chunks_enlarged: 93.
num_inconsistent_stats: 0.

CodeHeap 'non-profiled nmethods': size=120032Kb used=710Kb max_used=710Kb free=119321Kb
 bounds [0x00007f9d70cc8000, 0x00007f9d70f38000, 0x00007f9d78200000]
CodeHeap 'profiled nmethods': size=120028Kb used=2984Kb max_used=2984Kb free=117043Kb
 bounds [0x00007f9d69200000, 0x00007f9d694f0000, 0x00007f9d70737000]
CodeHeap 'non-nmethods': size=5700Kb used=1139Kb max_used=1192Kb free=4560Kb
 bounds [0x00007f9d70737000, 0x00007f9d709a7000, 0x00007f9d70cc8000]
 total_blobs=1850 nmethods=1421 adapters=343
 compilation: enabled
              stopped_count=0, restarted_count=0
 full_count=0

Compilation events (20 events):
Event: 5.835 Thread 0x00007f9d8018a690 1397       4       java.util.HashMap::put (13 bytes)
Event: 5.835 Thread 0x00007f9d8018bbc0 nmethod 1399 0x00007f9d694db290 code [0x00007f9d694db420, 0x00007f9d694db570]
Event: 5.835 Thread 0x00007f9d8018bbc0 1400       3       jdk.internal.reflect.ClassFileAssembler::emitShort (24 bytes)
Event: 5.836 Thread 0x00007f9d8018bbc0 nmethod 1400 0x00007f9d694db610 code [0x00007f9d694db7e0, 0x00007f9d694dbaf0]
Event: 5.836 Thread 0x00007f9d8018bbc0 1401       3       jdk.internal.reflect.ClassFileAssembler::cpi (22 bytes)
Event: 5.836 Thread 0x00007f9d8018bbc0 nmethod 1401 0x00007f9d694dbc90 code [0x00007f9d694dbe40, 0x00007f9d694dc040]
Event: 5.836 Thread 0x00007f9d8018bbc0 1402       3       org.junit.runners.model.TestClass::$jacocoInit (53 bytes)
Event: 5.836 Thread 0x00007f9d8018bbc0 nmethod 1402 0x00007f9d694dc110 code [0x00007f9d694dc320, 0x00007f9d694dccd0]
Event: 5.839 Thread 0x00007f9d8018bbc0 1404       3       org.junit.runners.model.FrameworkMethod::getName (17 bytes)
Event: 5.839 Thread 0x00007f9d8018bbc0 nmethod 1404 0x00007f9d694dcf10 code [0x00007f9d694dd0c0, 0x00007f9d694dd260]
Event: 5.839 Thread 0x00007f9d8018bbc0 1408       3       org.junit.runner.Description::$jacocoInit (53 bytes)
Event: 5.839 Thread 0x00007f9d8018bbc0 nmethod 1408 0x00007f9d694dd390 code [0x00007f9d694dd5a0, 0x00007f9d694ddf50]
Event: 5.839 Thread 0x00007f9d8018bbc0 1406       1       java.util.Formatter$Flags::valueOf (5 bytes)
Event: 5.839 Thread 0x00007f9d8018bbc0 nmethod 1406 0x00007f9d70d73b10 code [0x00007f9d70d73ca0, 0x00007f9d70d73d70]
Event: 5.839 Thread 0x00007f9d8018bbc0 1403       1       java.lang.Class::getAnnotationType (5 bytes)
Event: 5.839 Thread 0x00007f9d8018bbc0 nmethod 1403 0x00007f9d70d73e10 code [0x00007f9d70d73fa0, 0x00007f9d70d74070]
Event: 5.840 Thread 0x00007f9d8018bbc0 1412  s    3       java.security.Provider::put (90 bytes)
Event: 5.841 Thread 0x00007f9d8018bbc0 nmethod 1412 0x00007f9d694de190 code [0x00007f9d694de420, 0x00007f9d694dee30]
Event: 5.844 Thread 0x00007f9d8018bbc0 1421       2       org.jacoco.agent.rt.internal_0e20598.asm.commons.AnalyzerAdapter::execute (1964 bytes)
Event: 5.845 Thread 0x00007f9ce4034890 1420       4       org.jacoco.agent.rt.internal_0e20598.asm.Type::getArgumentTypes (94 bytes)

GC Heap History (4 events):
Event: 0.541 GC heap before
{Heap before GC invocations=0 (full 0):
 garbage-first heap   total 260096K, used 14260K [0x0000000706000000, 0x0000000800000000)
  region size 2048K, 6 young (12288K), 0 survivors (0K)
 Metaspace       used 2883K, committed 3008K, reserved 1114112K
  class space    used 273K, committed 320K, reserved 1048576K
}
Event: 0.543 GC heap after
{Heap after GC invocations=1 (full 0):
 garbage-first heap   total 260096K, used 3323K [0x0000000706000000, 0x0000000800000000)
  region size 2048K, 1 young (2048K), 1 survivors (2048K)
 Metaspace       used 2883K, committed 3008K, reserved 1114112K
  class space    used 273K, committed 320K, reserved 1048576K
}
Event: 0.705 GC heap before
{Heap before GC invocations=1 (full 0):
 garbage-first heap   total 260096K, used 19707K [0x0000000706000000, 0x0000000800000000)
  region size 2048K, 9 young (18432K), 1 survivors (2048K)
 Metaspace       used 4011K, committed 4160K, reserved 1114112K
  class space    used 369K, committed 448K, reserved 1048576K
}
Event: 0.708 GC heap after
{Heap after GC invocations=2 (full 0):
 garbage-first heap   total 260096K, used 3887K [0x0000000706000000, 0x0000000800000000)
  region size 2048K, 1 young (2048K), 1 survivors (2048K)
 Metaspace       used 4011K, committed 4160K, reserved 1114112K
  class space    used 369K, committed 448K, reserved 1048576K
}

Dll operation events (13 events):
Event: 0.028 Loaded shared library /usr/lib/jvm/temurin-17-jdk-amd64/lib/libjava.so
Event: 0.041 Loaded shared library /usr/lib/jvm/temurin-17-jdk-amd64/lib/libjsvml.so
Event: 0.077 Loaded shared library /usr/lib/jvm/temurin-17-jdk-amd64/lib/libzip.so
Event: 0.090 Loaded shared library /usr/lib/jvm/temurin-17-jdk-amd64/lib/libinstrument.so
Event: 0.092 Loaded shared library /usr/lib/jvm/temurin-17-jdk-amd64/lib/libnio.so
Event: 0.094 Loaded shared library /usr/lib/jvm/temurin-17-jdk-amd64/lib/libzip.so
Event: 0.110 Loaded shared library /usr/lib/jvm/temurin-17-jdk-amd64/lib/libverify.so
Event: 0.119 Loaded shared library /usr/lib/jvm/temurin-17-jdk-amd64/lib/libnet.so
Event: 0.136 Loaded shared library /usr/lib/jvm/temurin-17-jdk-amd64/lib/libjimage.so
Event: 0.318 Loaded shared library /usr/lib/jvm/temurin-17-jdk-amd64/lib/libmanagement.so
Event: 0.366 Loaded shared library /usr/lib/jvm/temurin-17-jdk-amd64/lib/libmanagement_ext.so
Event: 0.844 Loaded shared library /home/runner/work/openssl-fips-java/openssl-fips-java/build/test/bin/libsigtest.so
Event: 2.022 Loaded shared library /tmp/libjssl.so

Deoptimization events (20 events):
Event: 0.668 Thread 0x00007f9d8002b800 DEOPT PACKING pc=0x00007f9d70d12e34 sp=0x00007f9d861f8380
Event: 0.668 Thread 0x00007f9d8002b800 DEOPT UNPACKING pc=0x00007f9d7078d699 sp=0x00007f9d861f8348 mode 2
Event: 0.705 Thread 0x00007f9d8002b800 DEOPT PACKING pc=0x00007f9d6938f56a sp=0x00007f9d861fc220
Event: 0.705 Thread 0x00007f9d8002b800 DEOPT UNPACKING pc=0x00007f9d7078de2f sp=0x00007f9d861fb748 mode 0
Event: 0.710 Thread 0x00007f9d8002b800 Uncommon trap: trap_request=0xffffff45 fr.pc=0x00007f9d70d26cc0 relative=0x0000000000001ae0
Event: 0.710 Thread 0x00007f9d8002b800 Uncommon trap: reason=unstable_if action=reinterpret pc=0x00007f9d70d26cc0 method=org.jacoco.agent.rt.internal_0e20598.asm.Frame.getAbstractTypeFromDescriptor(Lorg/jacoco/agent/rt/internal_0e20598/asm/SymbolTable;Ljava/lang/String;I)I @ 174 c2
Event: 0.710 Thread 0x00007f9d8002b800 DEOPT PACKING pc=0x00007f9d70d26cc0 sp=0x00007f9d861fbca0
Event: 0.710 Thread 0x00007f9d8002b800 DEOPT UNPACKING pc=0x00007f9d7078d699 sp=0x00007f9d861fbc68 mode 2
Event: 0.763 Thread 0x00007f9d8002b800 DEOPT PACKING pc=0x00007f9d6930af40 sp=0x00007f9d861fba90
Event: 0.763 Thread 0x00007f9d8002b800 DEOPT UNPACKING pc=0x00007f9d7078de2f sp=0x00007f9d861faf50 mode 0
Event: 0.785 Thread 0x00007f9d8002b800 DEOPT PACKING pc=0x00007f9d6938a310 sp=0x00007f9d861fa150
Event: 0.785 Thread 0x00007f9d8002b800 DEOPT UNPACKING pc=0x00007f9d7078de2f sp=0x00007f9d861f95e0 mode 0
Event: 0.849 Thread 0x00007f9d8002b800 Uncommon trap: trap_request=0xffffff45 fr.pc=0x00007f9d70cea8f8 relative=0x0000000000000258
Event: 0.849 Thread 0x00007f9d8002b800 Uncommon trap: reason=unstable_if action=reinterpret pc=0x00007f9d70cea8f8 method=java.lang.String.startsWith(Ljava/lang/String;I)Z @ 1 c2
Event: 0.849 Thread 0x00007f9d8002b800 DEOPT PACKING pc=0x00007f9d70cea8f8 sp=0x00007f9d861fcdc0
Event: 0.849 Thread 0x00007f9d8002b800 DEOPT UNPACKING pc=0x00007f9d7078d699 sp=0x00007f9d861fcd48 mode 2
Event: 5.842 Thread 0x00007f9d8002b800 Uncommon trap: trap_request=0xffffffe4 fr.pc=0x00007f9d70d69bd4 relative=0x00000000000056f4
Event: 5.842 Thread 0x00007f9d8002b800 Uncommon trap: reason=range_check action=make_not_entrant pc=0x00007f9d70d69bd4 method=java.lang.StringLatin1.charAt([BI)C @ 21 c2
Event: 5.842 Thread 0x00007f9d8002b800 DEOPT PACKING pc=0x00007f9d70d69bd4 sp=0x00007f9d861f97e0
Event: 5.842 Thread 0x00007f9d8002b800 DEOPT UNPACKING pc=0x00007f9d7078d699 sp=0x00007f9d861f9628 mode 2

Classes loaded (20 events):
Event: 2.020 Loading class sun/nio/fs/UnixChannelFactory
Event: 2.020 Loading class sun/nio/fs/UnixChannelFactory done
Event: 2.020 Loading class sun/nio/fs/UnixChannelFactory$Flags
Event: 2.020 Loading class sun/nio/fs/UnixChannelFactory$Flags done
Event: 2.020 Loading class sun/nio/fs/UnixChannelFactory$1
Event: 2.020 Loading class sun/nio/fs/UnixChannelFactory$1 done
Event: 2.020 Loading class sun/nio/ch/FileChannelImpl$Closer
Event: 2.020 Loading class sun/nio/ch/FileChannelImpl$Closer done
Event: 2.023 Loading class jdk/internal/ref/CleanerImpl$InnocuousThreadFactory
Event: 2.023 Loading class jdk/internal/ref/CleanerImpl$InnocuousThreadFactory done
Event: 2.025 Loading class sun/security/jca/GetInstance$Instance
Event: 2.025 Loading class sun/security/jca/GetInstance$Instance done
Event: 2.025 Loading class java/security/Signature$Delegate
Event: 2.025 Loading class java/security/Signature$Delegate done
Event: 5.841 Loading class java/security/DrbgParameters
Event: 5.841 Loading class java/security/DrbgParameters done
Event: 5.841 Loading class java/security/DrbgParameters$NextBytes
Event: 5.841 Loading class java/security/DrbgParameters$NextBytes done
Event: 5.841 Loading class java/security/SecureRandom
Event: 5.841 Loading class java/security/SecureRandom done

Classes unloaded (0 events):
No events

Classes redefined (0 events):
No events

Internal exceptions (20 events):
Event: 0.131 Thread 0x00007f9d8002b800 Exception <a 'java/lang/NoSuchMethodError'{0x0000000715690638}: 'void java.lang.invoke.DirectMethodHandle$Holder.invokeStatic(java.lang.Object, java.lang.Object, java.lang.Object)'> (0x0000000715690638) 
thrown [src/hotspot/share/interpreter/linkResolver.cpp, line 758]
Event: 0.132 Thread 0x00007f9d8002b800 Exception <a 'java/lang/NoSuchMethodError'{0x0000000715696df8}: 'void java.lang.invoke.DirectMethodHandle$Holder.invokeStatic(java.lang.Object, java.lang.Object, java.lang.Object, java.lang.Object)'> (0x0000000715696df8) 
thrown [src/hotspot/share/interpreter/linkResolver.cpp, line 758]
Event: 0.310 Thread 0x00007f9d8002b800 Exception <a 'java/lang/NoSuchMethodError'{0x0000000714e0f0c8}: 'java.lang.Object java.lang.invoke.DirectMethodHandle$Holder.invokeStaticInit(java.lang.Object)'> (0x0000000714e0f0c8) 
thrown [src/hotspot/share/interpreter/linkResolver.cpp, line 758]
Event: 0.486 Thread 0x00007f9d8002b800 Exception <a 'java/lang/NoSuchMethodError'{0x0000000714e60280}: 'int java.lang.invoke.DirectMethodHandle$Holder.invokeSpecial(java.lang.Object, java.lang.Object, java.lang.Object)'> (0x0000000714e60280) 
thrown [src/hotspot/share/interpreter/linkResolver.cpp, line 758]
Event: 0.617 Thread 0x00007f9d8002b800 Exception <a 'java/lang/NoSuchMethodError'{0x00000007151d1c80}: 'int java.lang.invoke.DirectMethodHandle$Holder.invokeStatic(java.lang.Object, java.lang.Object, int)'> (0x00000007151d1c80) 
thrown [src/hotspot/share/interpreter/linkResolver.cpp, line 758]
Event: 0.763 Thread 0x00007f9d8002b800 Exception <a 'java/lang/NoSuchMethodError'{0x00000007159f4998}: 'org.junit.runner.Description org.junit.runner.Description.createSuiteDescription(java.lang.String)'> (0x00000007159f4998) 
thrown [src/hotspot/share/interpreter/linkResolver.cpp, line 758]
Event: 0.764 Thread 0x00007f9d8002b800 Exception <a 'java/lang/NoSuchMethodError'{0x00000007159f93b8}: 'org.junit.runner.Description org.junit.runner.Description.createSuiteDescription(java.lang.String)'> (0x00000007159f93b8) 
thrown [src/hotspot/share/interpreter/linkResolver.cpp, line 758]
Event: 0.764 Thread 0x00007f9d8002b800 Exception <a 'java/lang/NoSuchMethodError'{0x00000007159f9838}: 'org.junit.runner.Description org.junit.runner.Description.createSuiteDescription(java.lang.String)'> (0x00000007159f9838) 
thrown [src/hotspot/share/interpreter/linkResolver.cpp, line 758]
Event: 0.764 Thread 0x00007f9d8002b800 Exception <a 'java/lang/NoSuchMethodError'{0x00000007159f9cb8}: 'org.junit.runner.Description org.junit.runner.Description.createSuiteDescription(java.lang.String)'> (0x00000007159f9cb8) 
thrown [src/hotspot/share/interpreter/linkResolver.cpp, line 758]
Event: 0.764 Thread 0x00007f9d8002b800 Exception <a 'java/lang/NoSuchMethodError'{0x00000007159fa138}: 'org.junit.runner.Description org.junit.runner.Description.createSuiteDescription(java.lang.String)'> (0x00000007159fa138) 
thrown [src/hotspot/share/interpreter/linkResolver.cpp, line 758]
Event: 0.764 Thread 0x00007f9d8002b800 Exception <a 'java/lang/NoSuchMethodError'{0x00000007159fa5b8}: 'org.junit.runner.Description org.junit.runner.Description.createSuiteDescription(java.lang.String)'> (0x00000007159fa5b8) 
thrown [src/hotspot/share/interpreter/linkResolver.cpp, line 758]
Event: 0.764 Thread 0x00007f9d8002b800 Exception <a 'java/lang/NoSuchMethodError'{0x00000007159faa38}: 'org.junit.runner.Description org.junit.runner.Description.createSuiteDescription(java.lang.String)'> (0x00000007159faa38) 
thrown [src/hotspot/share/interpreter/linkResolver.cpp, line 758]
Event: 0.764 Thread 0x00007f9d8002b800 Exception <a 'java/lang/NoSuchMethodError'{0x00000007159faeb8}: 'org.junit.runner.Description org.junit.runner.Description.createSuiteDescription(java.lang.String)'> (0x00000007159faeb8) 
thrown [src/hotspot/share/interpreter/linkResolver.cpp, line 758]
Event: 0.764 Thread 0x00007f9d8002b800 Exception <a 'java/lang/NoSuchMethodError'{0x00000007159fb338}: 'org.junit.runner.Description org.junit.runner.Description.createSuiteDescription(java.lang.String)'> (0x00000007159fb338) 
thrown [src/hotspot/share/interpreter/linkResolver.cpp, line 758]
Event: 0.764 Thread 0x00007f9d8002b800 Exception <a 'java/lang/NoSuchMethodError'{0x00000007159fb7b8}: 'org.junit.runner.Description org.junit.runner.Description.createSuiteDescription(java.lang.String)'> (0x00000007159fb7b8) 
thrown [src/hotspot/share/interpreter/linkResolver.cpp, line 758]
Event: 0.802 Thread 0x00007f9d8002b800 Exception <a 'java/lang/NoSuchMethodError'{0x00000007153586b0}: 'java.lang.Object java.lang.invoke.DirectMethodHandle$Holder.invokeInterface(java.lang.Object, java.lang.Object)'> (0x00000007153586b0) 
thrown [src/hotspot/share/interpreter/linkResolver.cpp, line 758]
Event: 0.803 Thread 0x00007f9d8002b800 Exception <a 'java/lang/IncompatibleClassChangeError'{0x000000071535bea8}: Found class java.lang.Object, but interface was expected> (0x000000071535bea8) 
thrown [src/hotspot/share/interpreter/linkResolver.cpp, line 826]
Event: 0.815 Thread 0x00007f9d8002b800 Exception <a 'java/lang/NoSuchMethodError'{0x00000007150277f0}: 'java.lang.Object java.lang.invoke.DirectMethodHandle$Holder.newInvokeSpecial(java.lang.Object, java.lang.Object, java.lang.Object, java.lang.Object, java.lang.Object)'> (0x00000007150277f0) 
thrown [src/hotspot/share/interpreter/linkResolver.cpp, line 758]
Event: 0.835 Thread 0x00007f9d8002b800 Exception <a 'java/lang/NoSuchMethodError'{0x0000000715140c88}: 'java.lang.Object java.lang.invoke.DirectMethodHandle$Holder.invokeStaticInit(java.lang.Object, java.lang.Object, java.lang.Object, java.lang.Object)'> (0x0000000715140c88) 
thrown [src/hotspot/share/interpreter/linkResolver.cpp, line 758]
Event: 0.842 Thread 0x00007f9d8002b800 Exception <a 'java/lang/NoSuchMethodError'{0x0000000715147500}: 'java.lang.Object java.lang.invoke.Invokers$Holder.invoke_MT(java.lang.Object, java.lang.Object, java.lang.Object, java.lang.Object, java.lang.Object)'> (0x0000000715147500) 
thrown [src/hotspot/share/interpreter/linkResolver.cpp, line 758]

VM Operations (20 events):
Event: 0.278 Executing VM operation: ICBufferFull
Event: 0.278 Executing VM operation: ICBufferFull done
Event: 0.540 Executing VM operation: G1CollectForAllocation
Event: 0.543 Executing VM operation: G1CollectForAllocation done
Event: 0.693 Executing VM operation: HandshakeAllThreads
Event: 0.693 Executing VM operation: HandshakeAllThreads done
Event: 0.705 Executing VM operation: G1CollectForAllocation
Event: 0.708 Executing VM operation: G1CollectForAllocation done
Event: 0.740 Executing VM operation: HandshakeAllThreads
Event: 0.740 Executing VM operation: HandshakeAllThreads done
Event: 1.740 Executing VM operation: Cleanup
Event: 1.740 Executing VM operation: Cleanup done
Event: 2.741 Executing VM operation: Cleanup
Event: 2.741 Executing VM operation: Cleanup done
Event: 3.741 Executing VM operation: Cleanup
Event: 3.741 Executing VM operation: Cleanup done
Event: 4.741 Executing VM operation: Cleanup
Event: 4.741 Executing VM operation: Cleanup done
Event: 5.741 Executing VM operation: Cleanup
Event: 5.741 Executing VM operation: Cleanup done

Memory protections (18 events):
Event: 0.028 Protecting memory [0x00007f9d86100000,0x00007f9d86104000] with protection modes 0
Event: 0.042 Protecting memory [0x00007f9d60d29000,0x00007f9d60d2d000] with protection modes 0
Event: 0.043 Protecting memory [0x00007f9d60c28000,0x00007f9d60c2c000] with protection modes 0
Event: 0.045 Protecting memory [0x00007f9d60b27000,0x00007f9d60b2b000] with protection modes 0
Event: 0.045 Protecting memory [0x00007f9d60700000,0x00007f9d60704000] with protection modes 0
Event: 0.045 Protecting memory [0x00007f9d605ff000,0x00007f9d60603000] with protection modes 0
Event: 0.045 Protecting memory [0x00007f9d604fe000,0x00007f9d60502000] with protection modes 0
Event: 0.045 Protecting memory [0x00007f9d603fd000,0x00007f9d60401000] with protection modes 0
Event: 0.045 Protecting memory [0x00007f9d602fc000,0x00007f9d60300000] with protection modes 0
Event: 0.058 Protecting memory [0x00007f9d601fb000,0x00007f9d601ff000] with protection modes 0
Event: 0.176 Protecting memory [0x00007f9d600fa000,0x00007f9d600fe000] with protection modes 0
Event: 0.267 Protecting memory [0x00007f9d51dff000,0x00007f9d51e03000] with protection modes 0
Event: 0.546 Protecting memory [0x00007f9d51afc000,0x00007f9d51b00000] with protection modes 0
Event: 0.549 Protecting memory [0x00007f9d519fb000,0x00007f9d519ff000] with protection modes 0
Event: 0.586 Protecting memory [0x00007f9d515bc000,0x00007f9d515c0000] with protection modes 0
Event: 2.024 Protecting memory [0x00007f9d51afc000,0x00007f9d51b00000] with protection modes 0
Event: 2.025 Protecting memory [0x00007f9d518fa000,0x00007f9d518fe000] with protection modes 0
Event: 5.844 Protecting memory [0x00007f9d518fa000,0x00007f9d518fe000] with protection modes 0

Nmethod flushes (0 events):
No events

Events (20 events):
Event: 0.042 Thread 0x00007f9d8002b800 Thread added: 0x00007f9d8017cf90
Event: 0.042 Thread 0x00007f9d8002b800 Thread added: 0x00007f9d8017e370
Event: 0.045 Thread 0x00007f9d8002b800 Thread added: 0x00007f9d80186520
Event: 0.045 Thread 0x00007f9d8002b800 Thread added: 0x00007f9d801878d0
Event: 0.045 Thread 0x00007f9d8002b800 Thread added: 0x00007f9d80188ce0
Event: 0.045 Thread 0x00007f9d8002b800 Thread added: 0x00007f9d8018a690
Event: 0.045 Thread 0x00007f9d8002b800 Thread added: 0x00007f9d8018bbc0
Event: 0.045 Thread 0x00007f9d8002b800 Thread added: 0x00007f9d80195020
Event: 0.058 Thread 0x00007f9d8002b800 Thread added: 0x00007f9d801a8750
Event: 0.176 Thread 0x00007f9d8002b800 Thread added: 0x00007f9d8033e170
Event: 0.267 Thread 0x00007f9d8018bbc0 Thread added: 0x00007f9ce41f0450
Event: 0.486 Thread 0x00007f9ce41f0450 Thread exited: 0x00007f9ce41f0450
Event: 0.546 Thread 0x00007f9d8018bbc0 Thread added: 0x00007f9ce4103e30
Event: 0.549 Thread 0x00007f9d8002b800 Thread added: 0x00007f9d803ee240
Event: 0.586 Thread 0x00007f9d8002b800 Thread added: 0x00007f9d804207a0
Event: 1.979 Thread 0x00007f9ce4103e30 Thread exited: 0x00007f9ce4103e30
Event: 2.024 Thread 0x00007f9d8002b800 Thread added: 0x00007f9d80695f30
Event: 2.025 Thread 0x00007f9d8018bbc0 Thread added: 0x00007f9ce470cb10
Event: 2.480 Thread 0x00007f9ce470cb10 Thread exited: 0x00007f9ce470cb10
Event: 5.844 Thread 0x00007f9d8018bbc0 Thread added: 0x00007f9ce4034890


Dynamic libraries:
706000000-715a00000 rw-p 00000000 00:00 0 
715a00000-7ffc00000 ---p 00000000 00:00 0 
7ffc00000-7ffd00000 rw-p 00000000 00:00 0 
7ffd00000-7ffd75000 rw-p 00c7a000 08:01 3690905                          /usr/lib/jvm/temurin-17-jdk-amd64/lib/server/classes.jsa
7ffd75000-7ffe00000 rw-p 00000000 00:00 0 
7ffe00000-7ffe78000 rw-p 00c02000 08:01 3690905                          /usr/lib/jvm/temurin-17-jdk-amd64/lib/server/classes.jsa
7ffe78000-800000000 rw-p 00000000 00:00 0 
559fa3ae5000-559fa3ae6000 r--p 00000000 08:01 2697251                    /usr/lib/jvm/temurin-17-jdk-amd64/bin/java
559fa3ae6000-559fa3ae7000 r-xp 00001000 08:01 2697251                    /usr/lib/jvm/temurin-17-jdk-amd64/bin/java
559fa3ae7000-559fa3ae8000 r--p 00002000 08:01 2697251                    /usr/lib/jvm/temurin-17-jdk-amd64/bin/java
559fa3ae8000-559fa3ae9000 r--p 00002000 08:01 2697251                    /usr/lib/jvm/temurin-17-jdk-amd64/bin/java
559fa3ae9000-559fa3aea000 rw-p 00003000 08:01 2697251                    /usr/lib/jvm/temurin-17-jdk-amd64/bin/java
559fbf8af000-559fbf8f7000 rw-p 00000000 00:00 0                          [heap]
7f9cb0000000-7f9cb0144000 rw-p 00000000 00:00 0 
7f9cb0144000-7f9cb4000000 ---p 00000000 00:00 0 
7f9cb8000000-7f9cb8021000 rw-p 00000000 00:00 0 
7f9cb8021000-7f9cbc000000 ---p 00000000 00:00 0 
7f9cbc000000-7f9cbc021000 rw-p 00000000 00:00 0 
7f9cbc021000-7f9cc0000000 ---p 00000000 00:00 0 
7f9cc0000000-7f9cc0021000 rw-p 00000000 00:00 0 
7f9cc0021000-7f9cc4000000 ---p 00000000 00:00 0 
7f9cc4000000-7f9cc46b7000 rw-p 00000000 00:00 0 
7f9cc46b7000-7f9cc8000000 ---p 00000000 00:00 0 
7f9cc8000000-7f9cc80ba000 rw-p 00000000 00:00 0 
7f9cc80ba000-7f9ccc000000 ---p 00000000 00:00 0 
7f9ccc000000-7f9ccc021000 rw-p 00000000 00:00 0 
7f9ccc021000-7f9cd0000000 ---p 00000000 00:00 0 
7f9cd0000000-7f9cd0021000 rw-p 00000000 00:00 0 
7f9cd0021000-7f9cd4000000 ---p 00000000 00:00 0 
7f9cd4000000-7f9cd4021000 rw-p 00000000 00:00 0 
7f9cd4021000-7f9cd8000000 ---p 00000000 00:00 0 
7f9cd8000000-7f9cd8021000 rw-p 00000000 00:00 0 
7f9cd8021000-7f9cdc000000 ---p 00000000 00:00 0 
7f9cdc000000-7f9cdc021000 rw-p 00000000 00:00 0 
7f9cdc021000-7f9ce0000000 ---p 00000000 00:00 0 
7f9ce0000000-7f9ce1a7f000 rw-p 00000000 00:00 0 
7f9ce1a7f000-7f9ce4000000 ---p 00000000 00:00 0 
7f9ce4000000-7f9ce4710000 rw-p 00000000 00:00 0 
7f9ce4710000-7f9ce8000000 ---p 00000000 00:00 0 
7f9ce8000000-7f9ce8021000 rw-p 00000000 00:00 0 
7f9ce8021000-7f9cec000000 ---p 00000000 00:00 0 
7f9cec000000-7f9cec021000 rw-p 00000000 00:00 0 
7f9cec021000-7f9cf0000000 ---p 00000000 00:00 0 
7f9cf0000000-7f9cf0021000 rw-p 00000000 00:00 0 
7f9cf0021000-7f9cf4000000 ---p 00000000 00:00 0 
7f9cf4000000-7f9cf4021000 rw-p 00000000 00:00 0 
7f9cf4021000-7f9cf8000000 ---p 00000000 00:00 0 
7f9cf8000000-7f9cf8021000 rw-p 00000000 00:00 0 
7f9cf8021000-7f9cfc000000 ---p 00000000 00:00 0 
7f9cff000000-7f9cff2c0000 rw-p 00000000 00:00 0 
7f9cff2c0000-7f9cff400000 ---p 00000000 00:00 0 
7f9cff400000-7f9cff690000 rw-p 00000000 00:00 0 
7f9cff690000-7f9d03000000 ---p 00000000 00:00 0 
7f9d03000000-7f9d03bca000 rw-p 00001000 08:01 3690905                    /usr/lib/jvm/temurin-17-jdk-amd64/lib/server/classes.jsa
7f9d03bca000-7f9d04000000 ---p 00000000 00:00 0 
7f9d04000000-7f9d04030000 rw-p 00000000 00:00 0 
7f9d04030000-7f9d04090000 rw-p 00000000 00:00 0 
7f9d04090000-7f9d040c0000 ---p 00000000 00:00 0 
7f9d040c0000-7f9d040d0000 rw-p 00000000 00:00 0 
7f9d040d0000-7f9d44000000 ---p 00000000 00:00 0 
7f9d44000000-7f9d44021000 rw-p 00000000 00:00 0 
7f9d44021000-7f9d48000000 ---p 00000000 00:00 0 
7f9d48000000-7f9d48021000 rw-p 00000000 00:00 0 
7f9d48021000-7f9d4c000000 ---p 00000000 00:00 0 
7f9d4c000000-7f9d4c021000 rw-p 00000000 00:00 0 
7f9d4c021000-7f9d50000000 ---p 00000000 00:00 0 
7f9d50e00000-7f9d50eb3000 r--p 00000000 08:01 75774                      /usr/lib/x86_64-linux-gnu/libcrypto.so.3
7f9d50eb3000-7f9d511e6000 r-xp 000b3000 08:01 75774                      /usr/lib/x86_64-linux-gnu/libcrypto.so.3
7f9d511e6000-7f9d512b1000 r--p 003e6000 08:01 75774                      /usr/lib/x86_64-linux-gnu/libcrypto.so.3
7f9d512b1000-7f9d5130d000 r--p 004b0000 08:01 75774                      /usr/lib/x86_64-linux-gnu/libcrypto.so.3
7f9d5130d000-7f9d51310000 rw-p 0050c000 08:01 75774                      /usr/lib/x86_64-linux-gnu/libcrypto.so.3
7f9d51310000-7f9d51313000 rw-p 00000000 00:00 0 
7f9d515bb000-7f9d515bc000 ---p 00000000 00:00 0 
7f9d515bc000-7f9d515c0000 ---p 00000000 00:00 0 
7f9d515c0000-7f9d516bc000 rw-p 00000000 00:00 0 
7f9d518f9000-7f9d518fa000 ---p 00000000 00:00 0 
7f9d518fa000-7f9d518fe000 ---p 00000000 00:00 0 
7f9d518fe000-7f9d519fa000 rw-p 00000000 00:00 0 
7f9d519fa000-7f9d519fb000 ---p 00000000 00:00 0 
7f9d519fb000-7f9d519ff000 ---p 00000000 00:00 0 
7f9d519ff000-7f9d51afb000 rw-p 00000000 00:00 0 
7f9d51afb000-7f9d51afc000 ---p 00000000 00:00 0 
7f9d51afc000-7f9d51b00000 ---p 00000000 00:00 0 
7f9d51b00000-7f9d51bfc000 rw-p 00000000 00:00 0 
7f9d51bfc000-7f9d51bfd000 ---p 00000000 00:00 0 
7f9d51bfd000-7f9d51cfd000 rw-p 00000000 00:00 0 
7f9d51cfd000-7f9d51cfe000 ---p 00000000 00:00 0 
7f9d51cfe000-7f9d51dfe000 rw-p 00000000 00:00 0 
7f9d51dfe000-7f9d51dff000 ---p 00000000 00:00 0 
7f9d51dff000-7f9d51e03000 ---p 00000000 00:00 0 
7f9d51e03000-7f9d51eff000 rw-p 00000000 00:00 0 
7f9d51eff000-7f9d51f00000 ---p 00000000 00:00 0 
7f9d51f00000-7f9d52000000 rw-p 00000000 00:00 0 
7f9d52000000-7f9d54021000 rw-p 00000000 00:00 0 
7f9d54021000-7f9d58000000 ---p 00000000 00:00 0 
7f9d58000000-7f9d58021000 rw-p 00000000 00:00 0 
7f9d58021000-7f9d5c000000 ---p 00000000 00:00 0 
7f9d5c000000-7f9d5c021000 rw-p 00000000 00:00 0 
7f9d5c021000-7f9d60000000 ---p 00000000 00:00 0 
7f9d600f9000-7f9d600fa000 ---p 00000000 00:00 0 
7f9d600fa000-7f9d600fe000 ---p 00000000 00:00 0 
7f9d600fe000-7f9d601fa000 rw-p 00000000 00:00 0 
7f9d601fa000-7f9d601fb000 ---p 00000000 00:00 0 
7f9d601fb000-7f9d601ff000 ---p 00000000 00:00 0 
7f9d601ff000-7f9d602fb000 rw-p 00000000 00:00 0 
7f9d602fb000-7f9d602fc000 ---p 00000000 00:00 0 
7f9d602fc000-7f9d60300000 ---p 00000000 00:00 0 
7f9d60300000-7f9d603fc000 rw-p 00000000 00:00 0 
7f9d603fc000-7f9d603fd000 ---p 00000000 00:00 0 
7f9d603fd000-7f9d60401000 ---p 00000000 00:00 0 
7f9d60401000-7f9d604fd000 rw-p 00000000 00:00 0 
7f9d604fd000-7f9d604fe000 ---p 00000000 00:00 0 
7f9d604fe000-7f9d60502000 ---p 00000000 00:00 0 
7f9d60502000-7f9d605fe000 rw-p 00000000 00:00 0 
7f9d605fe000-7f9d605ff000 ---p 00000000 00:00 0 
7f9d605ff000-7f9d60603000 ---p 00000000 00:00 0 
7f9d60603000-7f9d606ff000 rw-p 00000000 00:00 0 
7f9d606ff000-7f9d60700000 ---p 00000000 00:00 0 
7f9d60700000-7f9d60704000 ---p 00000000 00:00 0 
7f9d60704000-7f9d60800000 rw-p 00000000 00:00 0 
7f9d60800000-7f9d60aeb000 r--p 00000000 08:01 41736                      /usr/lib/locale/locale-archive
7f9d60b26000-7f9d60b27000 ---p 00000000 00:00 0 
7f9d60b27000-7f9d60b2b000 ---p 00000000 00:00 0 
7f9d60b2b000-7f9d60c27000 rw-p 00000000 00:00 0 
7f9d60c27000-7f9d60c28000 ---p 00000000 00:00 0 
7f9d60c28000-7f9d60c2c000 ---p 00000000 00:00 0 
7f9d60c2c000-7f9d60d28000 rw-p 00000000 00:00 0 
7f9d60d28000-7f9d60d29000 ---p 00000000 00:00 0 
7f9d60d29000-7f9d60d2d000 ---p 00000000 00:00 0 
7f9d60d2d000-7f9d60e29000 rw-p 00000000 00:00 0 
7f9d60e29000-7f9d60e2a000 ---p 00000000 00:00 0 
7f9d60e2a000-7f9d60f2a000 rw-p 00000000 00:00 0 
7f9d60f2a000-7f9d60f2f000 r--p 00000000 08:01 3690881                    /usr/lib/jvm/temurin-17-jdk-amd64/lib/libjsvml.so
7f9d60f2f000-7f9d60f70000 r-xp 00005000 08:01 3690881                    /usr/lib/jvm/temurin-17-jdk-amd64/lib/libjsvml.so
7f9d60f70000-7f9d60ff9000 r--p 00046000 08:01 3690881                    /usr/lib/jvm/temurin-17-jdk-amd64/lib/libjsvml.so
7f9d60ff9000-7f9d60ffa000 r--p 000ce000 08:01 3690881                    /usr/lib/jvm/temurin-17-jdk-amd64/lib/libjsvml.so
7f9d60ffa000-7f9d60ffb000 rw-p 000cf000 08:01 3690881                    /usr/lib/jvm/temurin-17-jdk-amd64/lib/libjsvml.so
7f9d60ffb000-7f9d60ffc000 ---p 00000000 00:00 0 
7f9d60ffc000-7f9d610fc000 rw-p 00000000 00:00 0 
7f9d610fc000-7f9d610fd000 ---p 00000000 00:00 0 
7f9d610fd000-7f9d611fd000 rw-p 00000000 00:00 0 
7f9d611fd000-7f9d618e8000 rw-p 00000000 00:00 0 
7f9d618e8000-7f9d65370000 ---p 00000000 00:00 0 
7f9d65370000-7f9d65768000 rw-p 00000000 00:00 0 
7f9d65768000-7f9d691f0000 ---p 00000000 00:00 0 
7f9d691f0000-7f9d69200000 rw-p 00000000 00:00 0 
7f9d69200000-7f9d694f0000 rwxp 00000000 00:00 0 
7f9d694f0000-7f9d70737000 ---p 00000000 00:00 0 
7f9d70737000-7f9d709a7000 rwxp 00000000 00:00 0 
7f9d709a7000-7f9d70cc8000 ---p 00000000 00:00 0 
7f9d70cc8000-7f9d70f38000 rwxp 00000000 00:00 0 
7f9d70f38000-7f9d78200000 ---p 00000000 00:00 0 
7f9d78200000-7f9d7fe1f000 r--s 00000000 08:01 3690897                    /usr/lib/jvm/temurin-17-jdk-amd64/lib/modules
7f9d7fe25000-7f9d7fe7e000 r--p 00000000 08:01 5187                       /usr/lib/locale/C.utf8/LC_CTYPE
7f9d7fe7e000-7f9d80be9000 rw-p 00000000 00:00 0 
7f9d80be9000-7f9d84000000 ---p 00000000 00:00 0 
7f9d84025000-7f9d8402a000 r--p 00000000 08:01 4800                       /tmp/libjssl.so (deleted)
7f9d8402a000-7f9d84032000 r-xp 00005000 08:01 4800                       /tmp/libjssl.so (deleted)
7f9d84032000-7f9d84034000 r--p 0000d000 08:01 4800                       /tmp/libjssl.so (deleted)
7f9d84034000-7f9d84035000 r--p 0000e000 08:01 4800                       /tmp/libjssl.so (deleted)
7f9d84035000-7f9d84036000 rw-p 0000f000 08:01 4800                       /tmp/libjssl.so (deleted)
7f9d84036000-7f9d84037000 rw-p 00000000 00:00 0 
7f9d84037000-7f9d8403c000 r--p 00000000 08:01 332984                     /home/runner/work/openssl-fips-java/openssl-fips-java/build/bin/libjssl.so
7f9d8403c000-7f9d84044000 r-xp 00005000 08:01 332984                     /home/runner/work/openssl-fips-java/openssl-fips-java/build/bin/libjssl.so
7f9d84044000-7f9d84046000 r--p 0000d000 08:01 332984                     /home/runner/work/openssl-fips-java/openssl-fips-java/build/bin/libjssl.so
7f9d84046000-7f9d84047000 r--p 0000e000 08:01 332984                     /home/runner/work/openssl-fips-java/openssl-fips-java/build/bin/libjssl.so
7f9d84047000-7f9d84048000 rw-p 0000f000 08:01 332984                     /home/runner/work/openssl-fips-java/openssl-fips-java/build/bin/libjssl.so
7f9d84048000-7f9d84049000 rw-p 00000000 00:00 0 
7f9d84053000-7f9d84054000 r--p 00000000 08:01 349257                     /home/runner/work/openssl-fips-java/openssl-fips-java/build/test/bin/libsigtest.so
7f9d84054000-7f9d84055000 r-xp 00001000 08:01 349257                     /home/runner/work/openssl-fips-java/openssl-fips-java/build/test/bin/libsigtest.so
7f9d84055000-7f9d84056000 r--p 00002000 08:01 349257                     /home/runner/work/openssl-fips-java/openssl-fips-java/build/test/bin/libsigtest.so
7f9d84056000-7f9d84057000 r--p 00002000 08:01 349257                     /home/runner/work/openssl-fips-java/openssl-fips-java/build/test/bin/libsigtest.so
7f9d84057000-7f9d84058000 rw-p 00003000 08:01 349257                     /home/runner/work/openssl-fips-java/openssl-fips-java/build/test/bin/libsigtest.so
7f9d84058000-7f9d840b3000 rw-p 00000000 00:00 0 
7f9d840b3000-7f9d840b4000 ---p 00000000 00:00 0 
7f9d840b4000-7f9d841b4000 rw-p 00000000 00:00 0 
7f9d841b4000-7f9d841b5000 ---p 00000000 00:00 0 
7f9d841b5000-7f9d842b5000 rw-p 00000000 00:00 0 
7f9d842b5000-7f9d842b6000 ---p 00000000 00:00 0 
7f9d842b6000-7f9d843b6000 rw-p 00000000 00:00 0 
7f9d843b6000-7f9d84433000 rw-p 00000000 00:00 0 
7f9d84433000-7f9d84b84000 ---p 00000000 00:00 0 
7f9d84b84000-7f9d84c03000 rw-p 00000000 00:00 0 
7f9d84c03000-7f9d85354000 ---p 00000000 00:00 0 
7f9d85354000-7f9d853d3000 rw-p 00000000 00:00 0 
7f9d853d3000-7f9d85b24000 ---p 00000000 00:00 0 
7f9d85b24000-7f9d85f2f000 rw-p 00000000 00:00 0 
7f9d85f2f000-7f9d86015000 ---p 00000000 00:00 0 
7f9d86015000-7f9d8601b000 rw-p 00000000 00:00 0 
7f9d8601b000-7f9d86100000 ---p 00000000 00:00 0 
7f9d86100000-7f9d86104000 ---p 00000000 00:00 0 
7f9d86104000-7f9d86200000 rw-p 00000000 00:00 0 
7f9d86200000-7f9d86453000 r--p 00000000 08:01 3690908                    /usr/lib/jvm/temurin-17-jdk-amd64/lib/server/libjvm.so
7f9d86453000-7f9d8717c000 r-xp 00253000 08:01 3690908                    /usr/lib/jvm/temurin-17-jdk-amd64/lib/server/libjvm.so
7f9d8717c000-7f9d87409000 r--p 00f7c000 08:01 3690908                    /usr/lib/jvm/temurin-17-jdk-amd64/lib/server/libjvm.so
7f9d87409000-7f9d8740a000 ---p 01209000 08:01 3690908                    /usr/lib/jvm/temurin-17-jdk-amd64/lib/server/libjvm.so
7f9d8740a000-7f9d874c3000 r--p 01209000 08:01 3690908                    /usr/lib/jvm/temurin-17-jdk-amd64/lib/server/libjvm.so
7f9d874c3000-7f9d874f8000 rw-p 012c2000 08:01 3690908                    /usr/lib/jvm/temurin-17-jdk-amd64/lib/server/libjvm.so
7f9d874f8000-7f9d87553000 rw-p 00000000 00:00 0 
7f9d87557000-7f9d87559000 r--p 00000000 08:01 3690885                    /usr/lib/jvm/temurin-17-jdk-amd64/lib/libmanagement_ext.so
7f9d87559000-7f9d8755c000 r-xp 00002000 08:01 3690885                    /usr/lib/jvm/temurin-17-jdk-amd64/lib/libmanagement_ext.so
7f9d8755c000-7f9d8755d000 r--p 00005000 08:01 3690885                    /usr/lib/jvm/temurin-17-jdk-amd64/lib/libmanagement_ext.so
7f9d8755d000-7f9d8755e000 ---p 00006000 08:01 3690885                    /usr/lib/jvm/temurin-17-jdk-amd64/lib/libmanagement_ext.so
7f9d8755e000-7f9d8755f000 r--p 00006000 08:01 3690885                    /usr/lib/jvm/temurin-17-jdk-amd64/lib/libmanagement_ext.so
7f9d8755f000-7f9d87560000 rw-p 00007000 08:01 3690885                    /usr/lib/jvm/temurin-17-jdk-amd64/lib/libmanagement_ext.so
7f9d87560000-7f9d87564000 r--p 00000000 08:01 3690895                    /usr/lib/jvm/temurin-17-jdk-amd64/lib/libverify.so
7f9d87564000-7f9d8756b000 r-xp 00004000 08:01 3690895                    /usr/lib/jvm/temurin-17-jdk-amd64/lib/libverify.so
7f9d8756b000-7f9d8756d000 r--p 0000b000 08:01 3690895                    /usr/lib/jvm/temurin-17-jdk-amd64/lib/libverify.so
7f9d8756d000-7f9d8756f000 r--p 0000c000 08:01 3690895                    /usr/lib/jvm/temurin-17-jdk-amd64/lib/libverify.so
7f9d8756f000-7f9d87570000 rw-p 0000e000 08:01 3690895                    /usr/lib/jvm/temurin-17-jdk-amd64/lib/libverify.so
7f9d87570000-7f9d87574000 r--p 00000000 08:01 3690887                    /usr/lib/jvm/temurin-17-jdk-amd64/lib/libnet.so
7f9d87574000-7f9d87582000 r-xp 00004000 08:01 3690887                    /usr/lib/jvm/temurin-17-jdk-amd64/lib/libnet.so
7f9d87582000-7f9d87586000 r--p 00012000 08:01 3690887                    /usr/lib/jvm/temurin-17-jdk-amd64/lib/libnet.so
7f9d87586000-7f9d87587000 r--p 00015000 08:01 3690887                    /usr/lib/jvm/temurin-17-jdk-amd64/lib/libnet.so
7f9d87587000-7f9d87588000 rw-p 00016000 08:01 3690887                    /usr/lib/jvm/temurin-17-jdk-amd64/lib/libnet.so
7f9d87588000-7f9d875c9000 rw-p 00000000 00:00 0 
7f9d875cb000-7f9d875d2000 r--p 00000000 08:01 3690888                    /usr/lib/jvm/temurin-17-jdk-amd64/lib/libnio.so
7f9d875d2000-7f9d875db000 r-xp 00007000 08:01 3690888                    /usr/lib/jvm/temurin-17-jdk-amd64/lib/libnio.so
7f9d875db000-7f9d875df000 r--p 00010000 08:01 3690888                    /usr/lib/jvm/temurin-17-jdk-amd64/lib/libnio.so
7f9d875df000-7f9d875e0000 ---p 00014000 08:01 3690888                    /usr/lib/jvm/temurin-17-jdk-amd64/lib/libnio.so
7f9d875e0000-7f9d875e1000 r--p 00014000 08:01 3690888                    /usr/lib/jvm/temurin-17-jdk-amd64/lib/libnio.so
7f9d875e1000-7f9d875e2000 rw-p 00015000 08:01 3690888                    /usr/lib/jvm/temurin-17-jdk-amd64/lib/libnio.so
7f9d875e2000-7f9d875e4000 r--p 00000000 08:01 3690896                    /usr/lib/jvm/temurin-17-jdk-amd64/lib/libzip.so
7f9d875e4000-7f9d875f6000 r-xp 00002000 08:01 3690896                    /usr/lib/jvm/temurin-17-jdk-amd64/lib/libzip.so
7f9d875f6000-7f9d875fe000 r--p 00014000 08:01 3690896                    /usr/lib/jvm/temurin-17-jdk-amd64/lib/libzip.so
7f9d875fe000-7f9d875ff000 r--p 0001b000 08:01 3690896                    /usr/lib/jvm/temurin-17-jdk-amd64/lib/libzip.so
7f9d875ff000-7f9d87600000 rw-p 0001c000 08:01 3690896                    /usr/lib/jvm/temurin-17-jdk-amd64/lib/libzip.so
7f9d87600000-7f9d87628000 r--p 00000000 08:01 34623                      /usr/lib/x86_64-linux-gnu/libc.so.6
7f9d87628000-7f9d877b0000 r-xp 00028000 08:01 34623                      /usr/lib/x86_64-linux-gnu/libc.so.6
7f9d877b0000-7f9d877ff000 r--p 001b0000 08:01 34623                      /usr/lib/x86_64-linux-gnu/libc.so.6
7f9d877ff000-7f9d87803000 r--p 001fe000 08:01 34623                      /usr/lib/x86_64-linux-gnu/libc.so.6
7f9d87803000-7f9d87805000 rw-p 00202000 08:01 34623                      /usr/lib/x86_64-linux-gnu/libc.so.6
7f9d87805000-7f9d87812000 rw-p 00000000 00:00 0 
7f9d87813000-7f9d87816000 r--p 00000000 08:01 3690883                    /usr/lib/jvm/temurin-17-jdk-amd64/lib/libmanagement.so
7f9d87816000-7f9d87817000 r-xp 00003000 08:01 3690883                    /usr/lib/jvm/temurin-17-jdk-amd64/lib/libmanagement.so
7f9d87817000-7f9d87818000 r--p 00004000 08:01 3690883                    /usr/lib/jvm/temurin-17-jdk-amd64/lib/libmanagement.so
7f9d87818000-7f9d87819000 r--p 00004000 08:01 3690883                    /usr/lib/jvm/temurin-17-jdk-amd64/lib/libmanagement.so
7f9d87819000-7f9d8781a000 rw-p 00005000 08:01 3690883                    /usr/lib/jvm/temurin-17-jdk-amd64/lib/libmanagement.so
7f9d8781a000-7f9d8781b000 r--p 00000000 08:01 5193                       /usr/lib/locale/C.utf8/LC_NUMERIC
7f9d8781b000-7f9d8781c000 r--p 00000000 08:01 5196                       /usr/lib/locale/C.utf8/LC_TIME
7f9d8781c000-7f9d8781d000 r--p 00000000 08:01 5186                       /usr/lib/locale/C.utf8/LC_COLLATE
7f9d8781d000-7f9d8781e000 r--p 00000000 08:01 5191                       /usr/lib/locale/C.utf8/LC_MONETARY
7f9d8781e000-7f9d87825000 r--s 00000000 08:01 34612                      /usr/lib/x86_64-linux-gnu/gconv/gconv-modules.cache
7f9d87825000-7f9d8786d000 rw-p 00000000 00:00 0 
7f9d8786d000-7f9d87874000 ---p 00000000 00:00 0 
7f9d87874000-7f9d8787c000 rw-s 00000000 08:01 349581                     /tmp/hsperfdata_runner/7455
7f9d8787c000-7f9d8788a000 r--p 00000000 08:01 3690873                    /usr/lib/jvm/temurin-17-jdk-amd64/lib/libjava.so
7f9d8788a000-7f9d8789c000 r-xp 0000e000 08:01 3690873                    /usr/lib/jvm/temurin-17-jdk-amd64/lib/libjava.so
7f9d8789c000-7f9d878a2000 r--p 00020000 08:01 3690873                    /usr/lib/jvm/temurin-17-jdk-amd64/lib/libjava.so
7f9d878a2000-7f9d878a3000 ---p 00026000 08:01 3690873                    /usr/lib/jvm/temurin-17-jdk-amd64/lib/libjava.so
7f9d878a3000-7f9d878a4000 r--p 00026000 08:01 3690873                    /usr/lib/jvm/temurin-17-jdk-amd64/lib/libjava.so
7f9d878a4000-7f9d878a5000 rw-p 00027000 08:01 3690873                    /usr/lib/jvm/temurin-17-jdk-amd64/lib/libjava.so
7f9d878a5000-7f9d878a6000 rw-p 00000000 00:00 0 
7f9d878a6000-7f9d878a8000 r--p 00000000 08:01 3690868                    /usr/lib/jvm/temurin-17-jdk-amd64/lib/libinstrument.so
7f9d878a8000-7f9d878ae000 r-xp 00002000 08:01 3690868                    /usr/lib/jvm/temurin-17-jdk-amd64/lib/libinstrument.so
7f9d878ae000-7f9d878b1000 r--p 00008000 08:01 3690868                    /usr/lib/jvm/temurin-17-jdk-amd64/lib/libinstrument.so
7f9d878b1000-7f9d878b2000 r--p 0000a000 08:01 3690868                    /usr/lib/jvm/temurin-17-jdk-amd64/lib/libinstrument.so
7f9d878b2000-7f9d878b3000 rw-p 0000b000 08:01 3690868                    /usr/lib/jvm/temurin-17-jdk-amd64/lib/libinstrument.so
7f9d878b3000-7f9d878b7000 r--p 00000000 08:01 3690877                    /usr/lib/jvm/temurin-17-jdk-amd64/lib/libjimage.so
7f9d878b7000-7f9d878ca000 r-xp 00004000 08:01 3690877                    /usr/lib/jvm/temurin-17-jdk-amd64/lib/libjimage.so
7f9d878ca000-7f9d878d0000 r--p 00017000 08:01 3690877                    /usr/lib/jvm/temurin-17-jdk-amd64/lib/libjimage.so
7f9d878d0000-7f9d878d2000 r--p 0001c000 08:01 3690877                    /usr/lib/jvm/temurin-17-jdk-amd64/lib/libjimage.so
7f9d878d2000-7f9d878d3000 rw-p 0001e000 08:01 3690877                    /usr/lib/jvm/temurin-17-jdk-amd64/lib/libjimage.so
7f9d878d3000-7f9d878e3000 r--p 00000000 08:01 34626                      /usr/lib/x86_64-linux-gnu/libm.so.6
7f9d878e3000-7f9d87962000 r-xp 00010000 08:01 34626                      /usr/lib/x86_64-linux-gnu/libm.so.6
7f9d87962000-7f9d879ba000 r--p 0008f000 08:01 34626                      /usr/lib/x86_64-linux-gnu/libm.so.6
7f9d879ba000-7f9d879bb000 r--p 000e7000 08:01 34626                      /usr/lib/x86_64-linux-gnu/libm.so.6
7f9d879bb000-7f9d879bc000 rw-p 000e8000 08:01 34626                      /usr/lib/x86_64-linux-gnu/libm.so.6
7f9d879bc000-7f9d879bd000 r--p 00000000 08:01 34637                      /usr/lib/x86_64-linux-gnu/librt.so.1
7f9d879bd000-7f9d879be000 r-xp 00001000 08:01 34637                      /usr/lib/x86_64-linux-gnu/librt.so.1
7f9d879be000-7f9d879bf000 r--p 00002000 08:01 34637                      /usr/lib/x86_64-linux-gnu/librt.so.1
7f9d879bf000-7f9d879c0000 r--p 00002000 08:01 34637                      /usr/lib/x86_64-linux-gnu/librt.so.1
7f9d879c0000-7f9d879c1000 rw-p 00003000 08:01 34637                      /usr/lib/x86_64-linux-gnu/librt.so.1
7f9d879c1000-7f9d879c3000 rw-p 00000000 00:00 0 
7f9d879c3000-7f9d879c4000 r--p 00000000 08:01 34625                      /usr/lib/x86_64-linux-gnu/libdl.so.2
7f9d879c4000-7f9d879c5000 r-xp 00001000 08:01 34625                      /usr/lib/x86_64-linux-gnu/libdl.so.2
7f9d879c5000-7f9d879c6000 r--p 00002000 08:01 34625                      /usr/lib/x86_64-linux-gnu/libdl.so.2
7f9d879c6000-7f9d879c7000 r--p 00002000 08:01 34625                      /usr/lib/x86_64-linux-gnu/libdl.so.2
7f9d879c7000-7f9d879c8000 rw-p 00003000 08:01 34625                      /usr/lib/x86_64-linux-gnu/libdl.so.2
7f9d879c8000-7f9d879c9000 r--p 00000000 08:01 34635                      /usr/lib/x86_64-linux-gnu/libpthread.so.0
7f9d879c9000-7f9d879ca000 r-xp 00001000 08:01 34635                      /usr/lib/x86_64-linux-gnu/libpthread.so.0
7f9d879ca000-7f9d879cb000 r--p 00002000 08:01 34635                      /usr/lib/x86_64-linux-gnu/libpthread.so.0
7f9d879cb000-7f9d879cc000 r--p 00002000 08:01 34635                      /usr/lib/x86_64-linux-gnu/libpthread.so.0
7f9d879cc000-7f9d879cd000 rw-p 00003000 08:01 34635                      /usr/lib/x86_64-linux-gnu/libpthread.so.0
7f9d879cd000-7f9d879ce000 r--p 00000000 08:01 5190                       /usr/lib/locale/C.utf8/LC_MESSAGES/SYS_LC_MESSAGES
7f9d879ce000-7f9d879cf000 r--p 00000000 08:01 5194                       /usr/lib/locale/C.utf8/LC_PAPER
7f9d879cf000-7f9d879d0000 r--p 00000000 08:01 5192                       /usr/lib/locale/C.utf8/LC_NAME
7f9d879d0000-7f9d879d1000 r--p 00000000 08:01 5185                       /usr/lib/locale/C.utf8/LC_ADDRESS
7f9d879d1000-7f9d879d2000 r--p 00000000 08:01 5195                       /usr/lib/locale/C.utf8/LC_TELEPHONE
7f9d879d2000-7f9d879d3000 r--p 00000000 08:01 5189                       /usr/lib/locale/C.utf8/LC_MEASUREMENT
7f9d879d3000-7f9d879d4000 r--p 00000000 08:01 5188                       /usr/lib/locale/C.utf8/LC_IDENTIFICATION
7f9d879d4000-7f9d879d5000 ---p 00000000 00:00 0 
7f9d879d5000-7f9d879d6000 r--p 00000000 00:00 0 
7f9d879d6000-7f9d879d7000 ---p 00000000 00:00 0 
7f9d879d7000-7f9d879da000 r--p 00000000 08:01 3690878                    /usr/lib/jvm/temurin-17-jdk-amd64/lib/libjli.so
7f9d879da000-7f9d879ea000 r-xp 00003000 08:01 3690878                    /usr/lib/jvm/temurin-17-jdk-amd64/lib/libjli.so
7f9d879ea000-7f9d879f1000 r--p 00013000 08:01 3690878                    /usr/lib/jvm/temurin-17-jdk-amd64/lib/libjli.so
7f9d879f1000-7f9d879f2000 r--p 00019000 08:01 3690878                    /usr/lib/jvm/temurin-17-jdk-amd64/lib/libjli.so
7f9d879f2000-7f9d879f3000 rw-p 0001a000 08:01 3690878                    /usr/lib/jvm/temurin-17-jdk-amd64/lib/libjli.so
7f9d879f3000-7f9d879f5000 rw-p 00000000 00:00 0 
7f9d879f5000-7f9d879f9000 r--p 00000000 00:00 0                          [vvar]
7f9d879f9000-7f9d879fb000 r-xp 00000000 00:00 0                          [vdso]
7f9d879fb000-7f9d879fc000 r--p 00000000 08:01 34620                      /usr/lib/x86_64-linux-gnu/ld-linux-x86-64.so.2
7f9d879fc000-7f9d87a27000 r-xp 00001000 08:01 34620                      /usr/lib/x86_64-linux-gnu/ld-linux-x86-64.so.2
7f9d87a27000-7f9d87a31000 r--p 0002c000 08:01 34620                      /usr/lib/x86_64-linux-gnu/ld-linux-x86-64.so.2
7f9d87a31000-7f9d87a33000 r--p 00036000 08:01 34620                      /usr/lib/x86_64-linux-gnu/ld-linux-x86-64.so.2
7f9d87a33000-7f9d87a35000 rw-p 00038000 08:01 34620                      /usr/lib/x86_64-linux-gnu/ld-linux-x86-64.so.2
7ffd8870f000-7ffd88733000 rw-p 00000000 00:00 0                          [stack]
ffffffffff600000-ffffffffff601000 --xp 00000000 00:00 0                  [vsyscall]


VM Arguments:
jvm_args: -javaagent:/home/runner/.m2/repository/org/jacoco/org.jacoco.agent/0.8.13/org.jacoco.agent-0.8.13-runtime.jar=destfile=/home/runner/work/openssl-fips-java/openssl-fips-java/target/jacoco.exec 
java_command: /home/runner/work/openssl-fips-java/openssl-fips-java/target/surefire/surefirebooter-20251127135504698_3.jar /home/runner/work/openssl-fips-java/openssl-fips-java/target/surefire 2025-11-27T13-55-04_275-jvmRun1 surefire-20251127135504698_1tmp surefire_0-20251127135504698_2tmp
java_class_path (initial): /home/runner/work/openssl-fips-java/openssl-fips-java/target/surefire/surefirebooter-20251127135504698_3.jar
Launcher Type: SUN_STANDARD

[Global flags]
     intx CICompilerCount                          = 3                                         {product} {ergonomic}
     uint ConcGCThreads                            = 1                                         {product} {ergonomic}
     uint G1ConcRefinementThreads                  = 4                                         {product} {ergonomic}
   size_t G1HeapRegionSize                         = 2097152                                   {product} {ergonomic}
    uintx GCDrainStackTargetSize                   = 64                                        {product} {ergonomic}
   size_t InitialHeapSize                          = 262144000                                 {product} {ergonomic}
   size_t MarkStackSize                            = 4194304                                   {product} {ergonomic}
   size_t MaxHeapSize                              = 4194304000                                {product} {ergonomic}
   size_t MaxNewSize                               = 2516582400                                {product} {ergonomic}
   size_t MinHeapDeltaBytes                        = 2097152                                   {product} {ergonomic}
   size_t MinHeapSize                              = 8388608                                   {product} {ergonomic}
    uintx NonNMethodCodeHeapSize                   = 5832780                                {pd product} {ergonomic}
    uintx NonProfiledCodeHeapSize                  = 122912730                              {pd product} {ergonomic}
    uintx ProfiledCodeHeapSize                     = 122912730                              {pd product} {ergonomic}
    uintx ReservedCodeCacheSize                    = 251658240                              {pd product} {ergonomic}
     bool SegmentedCodeCache                       = true                                      {product} {ergonomic}
   size_t SoftMaxHeapSize                          = 4194304000                             {manageable} {ergonomic}
     bool UseCompressedClassPointers               = true                           {product lp64_product} {ergonomic}
     bool UseCompressedOops                        = true                           {product lp64_product} {ergonomic}
     bool UseG1GC                                  = true                                      {product} {ergonomic}

Logging:
Log output configuration:
 #0: stdout all=warning uptime,level,tags
 #1: stderr all=off uptime,level,tags

Environment Variables:
JAVA_HOME=/usr/lib/jvm/temurin-17-jdk-amd64
PATH=/snap/bin:/home/runner/.local/bin:/opt/pipx_bin:/home/runner/.cargo/bin:/home/runner/.config/composer/vendor/bin:/usr/local/.ghcup/bin:/home/runner/.dotnet/tools:/usr/local/sbin:/usr/local/bin:/usr/sbin:/usr/bin:/sbin:/bin:/usr/games:/usr/local/games:/snap/bin
XDG_CONFIG_HOME=/home/runner/.config
LD_LIBRARY_PATH=${env.LD_LIBRARY_PATH}:/home/runner/work/openssl-fips-java/openssl-fips-java/build/test/bin:/home/runner/work/openssl-fips-java/openssl-fips-java/build/bin
SHELL=/bin/bash
LANG=C.UTF-8
TERM=xterm-color

Active Locale:
LC_ALL=C.UTF-8
LC_COLLATE=C.UTF-8
LC_CTYPE=C.UTF-8
LC_MESSAGES=C.UTF-8
LC_MONETARY=C.UTF-8
LC_NUMERIC=C.UTF-8
LC_TIME=C.UTF-8

Signal Handlers:
   SIGSEGV: crash_handler in libjvm.so, mask=11100100010111111101111111111110, flags=SA_RESTART|SA_SIGINFO, unblocked
    SIGBUS: crash_handler in libjvm.so, mask=11100100010111111101111111111110, flags=SA_RESTART|SA_SIGINFO, unblocked
    SIGFPE: crash_handler in libjvm.so, mask=11100100010111111101111111111110, flags=SA_RESTART|SA_SIGINFO, unblocked
   SIGPIPE: javaSignalHandler in libjvm.so, mask=11100100010111111101111111111110, flags=SA_RESTART|SA_SIGINFO, blocked
   SIGXFSZ: javaSignalHandler in libjvm.so, mask=11100100010111111101111111111110, flags=SA_RESTART|SA_SIGINFO, blocked
    SIGILL: crash_handler in libjvm.so, mask=11100100010111111101111111111110, flags=SA_RESTART|SA_SIGINFO, unblocked
   SIGUSR2: SR_handler in libjvm.so, mask=00000000000000000000000000000000, flags=SA_RESTART|SA_SIGINFO, blocked
    SIGHUP: UserHandler in libjvm.so, mask=11100100010111111101111111111110, flags=SA_RESTART|SA_SIGINFO, blocked
    SIGINT: UserHandler in libjvm.so, mask=11100100010111111101111111111110, flags=SA_RESTART|SA_SIGINFO, blocked
   SIGTERM: UserHandler in libjvm.so, mask=11100100010111111101111111111110, flags=SA_RESTART|SA_SIGINFO, blocked
   SIGQUIT: UserHandler in libjvm.so, mask=11100100010111111101111111111110, flags=SA_RESTART|SA_SIGINFO, blocked
   SIGTRAP: crash_handler in libjvm.so, mask=11100100010111111101111111111110, flags=SA_RESTART|SA_SIGINFO, unblocked


Periodic native trim disabled


---------------  S Y S T E M  ---------------

OS:
DISTRIB_ID=Ubuntu
DISTRIB_RELEASE=24.04
DISTRIB_CODENAME=noble
DISTRIB_DESCRIPTION="Ubuntu 24.04.3 LTS"
uname: Linux 6.11.0-1018-azure #18~24.04.1-Ubuntu SMP Sat Jun 28 04:46:03 UTC 2025 x86_64
OS uptime: 0 days 0:03 hours
libc: glibc 2.39 NPTL 2.39 
rlimit (soft/hard): STACK 16384k/16384k , CORE 0k/infinity , NPROC 63952/63952 , NOFILE 65536/65536 , AS infinity/infinity , CPU infinity/infinity , DATA infinity/infinity , FSIZE infinity/infinity , MEMLOCK 2047432k/2047432k
load average: 1.21 0.62 0.25

/proc/meminfo:
MemTotal:       16379468 kB
MemFree:         7684216 kB
MemAvailable:   14521820 kB
Buffers:           66072 kB
Cached:          6939200 kB
SwapCached:            0 kB
Active:          1638764 kB
Inactive:        6390284 kB
Active(anon):    1078248 kB
Inactive(anon):        0 kB
Active(file):     560516 kB
Inactive(file):  6390284 kB
Unevictable:       46772 kB
Mlocked:           43700 kB
SwapTotal:       4194300 kB
SwapFree:        4194300 kB
Zswap:                 0 kB
Zswapped:              0 kB
Dirty:              7144 kB
Writeback:             0 kB
AnonPages:       1065188 kB
Mapped:           468484 kB
Shmem:             45724 kB
KReclaimable:     232732 kB
Slab:             325432 kB
SReclaimable:     232732 kB
SUnreclaim:        92700 kB
KernelStack:        6256 kB
PageTables:        16532 kB
SecPageTables:         0 kB
NFS_Unstable:          0 kB
Bounce:                0 kB
WritebackTmp:          0 kB
CommitLimit:    12384032 kB
Committed_AS:    3577860 kB
VmallocTotal:   34359738367 kB
VmallocUsed:      149500 kB
VmallocChunk:          0 kB
Percpu:             2224 kB
HardwareCorrupted:     0 kB
AnonHugePages:    413696 kB
ShmemHugePages:        0 kB
ShmemPmdMapped:        0 kB
FileHugePages:         0 kB
FilePmdMapped:         0 kB
Unaccepted:            0 kB
HugePages_Total:       0
HugePages_Free:        0
HugePages_Rsvd:        0
HugePages_Surp:        0
Hugepagesize:       2048 kB
Hugetlb:               0 kB
DirectMap4k:      108480 kB
DirectMap2M:     5134336 kB
DirectMap1G:    13631488 kB

/sys/kernel/mm/transparent_hugepage/enabled: [always] madvise never
/sys/kernel/mm/transparent_hugepage/hpage_pmd_size: 2097152
/sys/kernel/mm/transparent_hugepage/defrag (defrag/compaction efforts parameter): always defer defer+madvise [madvise] never

Process Memory:
Virtual Size: 7493956K (peak: 7559492K)
Resident Set Size: 121992K (peak: 122748K) (anon: 96144K, file: 25848K, shmem: 0K)
Swapped out: 0K
C-Heap outstanding allocations: 26755K, retained: 35192K
glibc malloc tunables: (default)

/proc/sys/kernel/threads-max (system-wide limit on the number of threads): 127904
/proc/sys/vm/max_map_count (maximum number of memory map areas a process may have): 262144
/proc/sys/vm/swappiness (control to define how aggressively the kernel swaps out anonymous memory): 60
/proc/sys/kernel/pid_max (system-wide limit on number of process identifiers): 4194304

container (cgroup) information:
container_type: cgroupv2
cpu_cpuset_cpus: not supported
cpu_memory_nodes: not supported
active_processor_count: 4
cpu_quota: not supported
cpu_period: not supported
cpu_shares: not supported
memory_limit_in_bytes: not supported
memory_and_swap_limit_in_bytes: not supported
memory_soft_limit_in_bytes: not supported
memory_usage_in_bytes: not supported
memory_max_usage_in_bytes: not supported
rss_usage_in_bytes: not supported
cache_usage_in_bytes: not supported
memory_swap_current_in_bytes: not supported
memory_swap_max_limit_in_bytes: not supported
maximum number of tasks: not supported
current number of tasks: not supported

Hyper-V virtualization detected
Steal ticks since vm start: 0
Steal ticks percentage since vm start:  0.000

CPU: total 4 (initial active 4) (16 cores per cpu, 2 threads per core) family 25 model 1 stepping 1 microcode 0xffffffff, cx8, cmov, fxsr, ht, mmx, 3dnowpref, sse, sse2, sse3, ssse3, sse4a, sse4.1, sse4.2, popcnt, lzcnt, tsc, tscinvbit, avx, avx2, aes, erms, clmul, bmi1, bmi2, adx, sha, fma, vzeroupper, clflush, clflushopt, hv
CPU Model and flags from /proc/cpuinfo:
model name	: AMD EPYC 7763 64-Core Processor
flags		: fpu vme de pse tsc msr pae mce cx8 apic sep mtrr pge mca cmov pat pse36 clflush mmx fxsr sse sse2 ht syscall nx mmxext fxsr_opt pdpe1gb rdtscp lm constant_tsc rep_good nopl tsc_reliable nonstop_tsc cpuid extd_apicid aperfmperf tsc_known_freq pni pclmulqdq ssse3 fma cx16 pcid sse4_1 sse4_2 movbe popcnt aes xsave avx f16c rdrand hypervisor lahf_lm cmp_legacy svm cr8_legacy abm sse4a misalignsse 3dnowprefetch osvw topoext vmmcall fsgsbase bmi1 avx2 smep bmi2 erms invpcid rdseed adx smap clflushopt clwb sha_ni xsaveopt xsavec xgetbv1 xsaves user_shstk clzero xsaveerptr rdpru arat npt nrip_save tsc_scale vmcb_clean flushbyasid decodeassists pausefilter pfthreshold v_vmsave_vmload umip vaes vpclmulqdq rdpid fsrm

Online cpus: 0-3
Offline cpus: 
BIOS frequency limitation: <Not Available>
Frequency switch latency (ns): <Not Available>
Available cpu frequencies: <Not Available>
Current governor: <Not Available>
Core performance/turbo boost: <Not Available>

Memory: 4k page, physical 16379468k(7684216k free), swap 4194300k(4194300k free)
Page Sizes: 4k

vm_info: OpenJDK 64-Bit Server VM (17.0.17+10) for linux-amd64 JRE (17.0.17+10), built on Oct 21 2025 00:00:00 by "admin" with gcc 10.3.0

END.
